2024-07-16 14:08:35,094 - cli.py - This is Paynt version 0.1.0.
2024-07-16 14:08:35,094 - sketch.py - loading sketch from rl_src/models_large/rocks-4-20/sketch.templ ...
2024-07-16 14:08:35,094 - sketch.py - assuming sketch in PRISM format...
2024-07-16 14:08:35,098 - prism_parser.py - PRISM model type: POMDP
2024-07-16 14:08:35,098 - prism_parser.py - loading properties from rl_src/models_large/rocks-4-20/sketch.props ...
2024-07-16 14:08:35,098 - prism_parser.py - found the following specification: optimality: R{"cost"}min=? [F "goal"] 
2024-07-16 14:08:38,078 - sketch.py - sketch parsing OK
2024-07-16 14:08:38,080 - sketch.py - constructed explicit quotient having 215041 states and 1187841 actions
2024-07-16 14:08:38,080 - sketch.py - found the following specification optimality: R{"cost"}min=? [F "goal"] 
2024-07-16 14:08:38,607 - pomdp.py - constructed POMDP having 6721 observations.
2024-07-16 14:08:40,821 - pomdp.py - unfolding 1-FSC template into POMDP...
2024-07-16 14:08:41,478 - pomdp.py - constructed quotient MDP having 215041 states and 1187841 actions.
2024-07-16 14:08:43,738 - tpu_cluster_resolver.py - Falling back to TensorFlow client; we recommended you install the Cloud TPU client directly with pip install cloud-tpu-client.
2024-07-16 14:08:44,002 - __init__.py - Creating converter from 7 to 5
2024-07-16 14:08:44,003 - __init__.py - Creating converter from 5 to 7
2024-07-16 14:08:44,003 - __init__.py - Creating converter from 7 to 5
2024-07-16 14:08:44,003 - __init__.py - Creating converter from 5 to 7
2024-07-16 14:08:44,587 - synthesizer_pomdp.py - Storm POMDP option enabled
2024-07-16 14:08:44,587 - synthesizer_pomdp.py - Storm settings: iterative - (600, 30, 5), get_storm_result - None, storm_options - cutoff, prune_storm - False, unfold_strategy - (True, False), use_storm_cutoffs - False
2024-07-16 14:08:44,589 - synthesizer.py - synthesis initiated, design space: 1e4731
2024-07-16 14:08:44,589 - synthesizer_pomdp.py - Timeout for PAYNT started
> progress 0.0%, elapsed 3 s, estimated 3596165 s (41 days), iters = {MDP: 3}
> progress 0.0%, elapsed 6 s, estimated 6902547 s (79 days), iters = {MDP: 5}
> progress 0.0%, elapsed 10 s, estimated 10205489 s (118 days), iters = {MDP: 7}
> progress 0.0%, elapsed 13 s, estimated 13505880 s (156 days), iters = {MDP: 9}
> progress 0.0%, elapsed 16 s, estimated 16813412 s (194 days), iters = {MDP: 11}
> progress 0.0%, elapsed 20 s, estimated 20134658 s (233 days), iters = {MDP: 13}
> progress 0.0%, elapsed 23 s, estimated 23440520 s (271 days), iters = {MDP: 15}
> progress 0.0%, elapsed 26 s, estimated 26756555 s (309 days), iters = {MDP: 17}
> progress 0.0%, elapsed 30 s, estimated 30050838 s (347 days), iters = {MDP: 19}
2024-07-16 14:09:16,011 - synthesizer_ar_storm.py - Pausing synthesis
2024-07-16 14:09:16,099 - storm_pomdp_control.py - Interactive Storm started
2024-07-16 14:09:16,099 - storm_pomdp_control.py - starting Storm POMDP analysis
2024-07-16 14:10:38,183 - storm_pomdp_control.py - Pausing Storm
Finished exploring under-approximation MDP.
Start analysis...
-----------Storm-----------               
Value = 75.99999241348767 | Time elapsed = 116.3s | FSC size = 31250


------------------------------------

PAYNT results: 
None
controller size: None

Storm results: 
75.99999241348767
controller size: 31250

------------------------------------

2024-07-16 14:10:42,233 - synthesizer_pomdp.py - Timeout for PAYNT started
2024-07-16 14:10:43,110 - synthesizer_ar_storm.py - Resuming synthesis
2024-07-16 14:10:43,110 - synthesizer_ar_storm.py - Applying family split according to Storm results
2024-07-16 14:10:43,125 - storm_pomdp_control.py - Main family based on data from Storm: reduced design space from 1e4730 to 1
2024-07-16 14:10:43,146 - storm_pomdp_control.py - Main family based on data from Storm: reduced design space from 1e4730 to 1
2024-07-16 14:10:43,164 - storm_pomdp_control.py - Main family based on data from Storm: reduced design space from 1e4730 to 1
2024-07-16 14:10:43,180 - storm_pomdp_control.py - Main family based on data from Storm: reduced design space from 1e4729 to 1
2024-07-16 14:10:43,197 - storm_pomdp_control.py - Main family based on data from Storm: reduced design space from 1e4729 to 1
2024-07-16 14:10:43,214 - storm_pomdp_control.py - Main family based on data from Storm: reduced design space from 1e4728 to 1
2024-07-16 14:10:43,230 - storm_pomdp_control.py - Main family based on data from Storm: reduced design space from 1e4728 to 1
2024-07-16 14:10:43,247 - storm_pomdp_control.py - Main family based on data from Storm: reduced design space from 1e4728 to 1
2024-07-16 14:10:43,264 - storm_pomdp_control.py - Main family based on data from Storm: reduced design space from 1e4727 to 1
2024-07-16 14:10:43,281 - storm_pomdp_control.py - Main family based on data from Storm: reduced design space from 1e4727 to 1
2024-07-16 14:10:43,302 - storm_pomdp_control.py - Main family based on data from Storm: reduced design space from 1e4727 to 1
2024-07-16 14:10:43,322 - storm_pomdp_control.py - Main family based on data from Storm: reduced design space from 1e4726 to 1
2024-07-16 14:10:43,346 - storm_pomdp_control.py - Main family based on data from Storm: reduced design space from 1e4726 to 1
2024-07-16 14:10:43,366 - storm_pomdp_control.py - Main family based on data from Storm: reduced design space from 1e4725 to 1
2024-07-16 14:10:43,387 - storm_pomdp_control.py - Main family based on data from Storm: reduced design space from 1e4725 to 1
2024-07-16 14:10:43,407 - storm_pomdp_control.py - Main family based on data from Storm: reduced design space from 1e4724 to 1
2024-07-16 14:10:43,427 - storm_pomdp_control.py - Main family based on data from Storm: reduced design space from 1e4724 to 1
2024-07-16 14:10:43,483 - synthesizer_ar_storm.py - State after Storm splitting: Main families - 17, Subfamilies - 126
2024-07-16 14:10:43,714 - synthesizer_ar_storm.py - Main family synthesis done
2024-07-16 14:10:43,714 - synthesizer_ar_storm.py - Subfamilies buffer contains: 126 families
> progress 0.0%, elapsed 33 s, estimated 33618231 s (1 year), iters = {MDP: 38}
> progress 0.0%, elapsed 36 s, estimated 36899630 s (1 year), iters = {MDP: 40}
> progress 0.0%, elapsed 40 s, estimated 40713164 s (1 year), iters = {MDP: 42}
> progress 0.0%, elapsed 43 s, estimated 43933842 s (1 year), iters = {MDP: 44}
> progress 0.0%, elapsed 47 s, estimated 47177256 s (1 year), iters = {MDP: 46}
> progress 0.0%, elapsed 50 s, estimated 50393104 s (1 year), iters = {MDP: 48}
> progress 0.0%, elapsed 53 s, estimated 53698586 s (1 year), iters = {MDP: 50}
> progress 0.0%, elapsed 57 s, estimated 57009916 s (1 year), iters = {MDP: 52}
> progress 0.0%, elapsed 60 s, estimated 60308748 s (1 year), iters = {MDP: 54}
2024-07-16 14:11:13,733 - synthesizer_ar_storm.py - Pausing synthesis
2024-07-16 14:11:13,821 - storm_pomdp_control.py - Interactive Storm resumed
2024-07-16 14:11:13,821 - storm_pomdp_control.py - Updating FSC values in Storm
2024-07-16 14:11:19,827 - storm_pomdp_control.py - Pausing Storm
Finished exploring under-approximation MDP.
Start analysis...
-----------Storm-----------               
Value = 75.99999231825966 | Time elapsed = 160.0s | FSC size = 31253


------------------------------------

PAYNT results: 
None
controller size: None

Storm results: 
75.99999231825966
controller size: 31253

------------------------------------

2024-07-16 14:11:25,908 - synthesizer_pomdp.py - Timeout for PAYNT started
2024-07-16 14:11:26,757 - synthesizer_ar_storm.py - Resuming synthesis
2024-07-16 14:11:26,757 - synthesizer_ar_storm.py - Applying family split according to Storm results
2024-07-16 14:11:26,772 - storm_pomdp_control.py - Main family based on data from Storm: reduced design space from 1e4730 to 1
2024-07-16 14:11:26,805 - storm_pomdp_control.py - Main family based on data from Storm: reduced design space from 1e4730 to 1
2024-07-16 14:11:26,833 - storm_pomdp_control.py - Main family based on data from Storm: reduced design space from 1e4730 to 1
2024-07-16 14:11:26,861 - storm_pomdp_control.py - Main family based on data from Storm: reduced design space from 1e4729 to 1
2024-07-16 14:11:26,889 - storm_pomdp_control.py - Main family based on data from Storm: reduced design space from 1e4729 to 1
2024-07-16 14:11:26,917 - storm_pomdp_control.py - Main family based on data from Storm: reduced design space from 1e4728 to 1
2024-07-16 14:11:26,945 - storm_pomdp_control.py - Main family based on data from Storm: reduced design space from 1e4728 to 1
2024-07-16 14:11:26,976 - storm_pomdp_control.py - Main family based on data from Storm: reduced design space from 1e4727 to 1
2024-07-16 14:11:27,008 - storm_pomdp_control.py - Main family based on data from Storm: reduced design space from 1e4727 to 1
2024-07-16 14:11:27,040 - storm_pomdp_control.py - Main family based on data from Storm: reduced design space from 1e4727 to 1
2024-07-16 14:11:27,071 - storm_pomdp_control.py - Main family based on data from Storm: reduced design space from 1e4727 to 1
2024-07-16 14:11:27,103 - storm_pomdp_control.py - Main family based on data from Storm: reduced design space from 1e4726 to 1
2024-07-16 14:11:27,135 - storm_pomdp_control.py - Main family based on data from Storm: reduced design space from 1e4726 to 1
2024-07-16 14:11:27,167 - storm_pomdp_control.py - Main family based on data from Storm: reduced design space from 1e4725 to 1
2024-07-16 14:11:27,239 - storm_pomdp_control.py - Main family based on data from Storm: reduced design space from 1e4724 to 1
2024-07-16 14:11:27,365 - synthesizer_ar_storm.py - State after Storm splitting: Main families - 15, Subfamilies - 250
2024-07-16 14:11:27,568 - synthesizer_ar_storm.py - Main family synthesis done
2024-07-16 14:11:27,568 - synthesizer_ar_storm.py - Subfamilies buffer contains: 250 families
> progress 0.0%, elapsed 63 s, estimated 63815669 s (2 years), iters = {MDP: 71}
> progress 0.0%, elapsed 67 s, estimated 67127014 s (2 years), iters = {MDP: 73}
> progress 0.0%, elapsed 70 s, estimated 70466944 s (2 years), iters = {MDP: 75}
> progress 0.0%, elapsed 74 s, estimated 74722635 s (2 years), iters = {MDP: 77}
> progress 0.0%, elapsed 79 s, estimated 79611100 s (2 years), iters = {MDP: 79}
> progress 0.0%, elapsed 84 s, estimated 84493847 s (2 years), iters = {MDP: 81}
> progress 0.0%, elapsed 89 s, estimated 89404654 s (2 years), iters = {MDP: 83}
2024-07-16 14:11:57,258 - synthesizer_ar_storm.py - Pausing synthesis
2024-07-16 14:11:57,341 - storm_pomdp_control.py - Interactive Storm resumed
2024-07-16 14:11:57,341 - storm_pomdp_control.py - Updating FSC values in Storm
2024-07-16 14:12:03,347 - storm_pomdp_control.py - Pausing Storm
Finished exploring under-approximation MDP.
Start analysis...
-----------Storm-----------               
Value = 75.99999231825966 | Time elapsed = 204.5s | FSC size = 31253


------------------------------------

PAYNT results: 
None
controller size: None

Storm results: 
75.99999231825966
controller size: 31253

------------------------------------

2024-07-16 14:12:10,388 - synthesizer_pomdp.py - Timeout for PAYNT started
2024-07-16 14:12:11,282 - synthesizer_ar_storm.py - Resuming synthesis
2024-07-16 14:12:11,283 - synthesizer_ar_storm.py - Applying family split according to Storm results
2024-07-16 14:12:12,023 - synthesizer_ar_storm.py - State after Storm splitting: Main families - 0, Subfamilies - 278
> progress 0.0%, elapsed 97 s, estimated 97213634 s (3 years), iters = {MDP: 85}
> progress 0.0%, elapsed 102 s, estimated 102639105 s (3 years), iters = {MDP: 86}
> progress 0.0%, elapsed 108 s, estimated 108048313 s (3 years), iters = {MDP: 87}
> progress 0.0%, elapsed 113 s, estimated 113408529 s (3 years), iters = {MDP: 88}
> progress 0.0%, elapsed 118 s, estimated 118968775 s (3 years), iters = {MDP: 89}
2024-07-16 14:12:44,647 - synthesizer_ar_storm.py - Pausing synthesis
2024-07-16 14:12:44,729 - storm_pomdp_control.py - Interactive Storm resumed
2024-07-16 14:12:44,734 - storm_pomdp_control.py - Updating FSC values in Storm
2024-07-16 14:12:50,741 - storm_pomdp_control.py - Pausing Storm
Finished exploring under-approximation MDP.
Start analysis...
-----------Storm-----------               
Value = 75.99999231825966 | Time elapsed = 253.9s | FSC size = 31253


------------------------------------

PAYNT results: 
None
controller size: None

Storm results: 
75.99999231825966
controller size: 31253

------------------------------------

2024-07-16 14:12:59,801 - synthesizer_pomdp.py - Timeout for PAYNT started
2024-07-16 14:13:00,674 - synthesizer_ar_storm.py - Resuming synthesis
2024-07-16 14:13:00,675 - synthesizer_ar_storm.py - Applying family split according to Storm results
2024-07-16 14:13:01,466 - synthesizer_ar_storm.py - State after Storm splitting: Main families - 0, Subfamilies - 290
> progress 0.0%, elapsed 124 s, estimated 124471187 s (3 years), iters = {MDP: 90}
> progress 0.0%, elapsed 129 s, estimated 129828411 s (4 years), iters = {MDP: 91}
> progress 0.0%, elapsed 135 s, estimated 135159759 s (4 years), iters = {MDP: 92}
> progress 0.0%, elapsed 140 s, estimated 140512078 s (4 years), iters = {MDP: 93}
