2024-05-07 11:05:42,933 - cli.py - This is Paynt version 0.1.0.
2024-05-07 11:05:42,933 - sketch.py - loading sketch from april_models/super_intercept/sketch.templ ...
2024-05-07 11:05:42,933 - sketch.py - assuming sketch in PRISM format...
2024-05-07 11:05:42,936 - prism_parser.py - PRISM model type: POMDP
2024-05-07 11:05:42,936 - prism_parser.py - loading properties from april_models/super_intercept/sketch.props ...
2024-05-07 11:05:42,936 - prism_parser.py - found the following specification: optimality: Pmax=? ["notbad" U "goal"] 
2024-05-07 11:05:43,482 - sketch.py - sketch parsing OK
2024-05-07 11:05:43,482 - sketch.py - constructed explicit quotient having 100801 states and 250657 actions
2024-05-07 11:05:43,482 - property.py - converting until formula to eventually...
2024-05-07 11:05:43,482 - sketch.py - found the following specification optimality: Pmax=? [F "goal"] 
2024-05-07 11:05:43,580 - pomdp.py - constructed POMDP having 17346 observations.
2024-05-07 11:10:47,193 - pomdp.py - unfolding 1-FSC template into POMDP ...
2024-05-07 11:10:47,443 - pomdp.py - constructed quotient MDP having 100801 states and 250657 actions.
2024-05-07 11:10:49,147 - synthesizer_pomdp.py - Synthesizing optimal k=1 controller ...
2024-05-07 11:10:49,186 - pomdp.py - unfolding 1-FSC template into POMDP ...
2024-05-07 11:10:49,379 - pomdp.py - constructed quotient MDP having 100801 states and 250657 actions.
2024-05-07 11:10:51,095 - synthesizer.py - synthesis initiated, design space: 1e5015
Precision for EVTs computation: 0.0001 (exact: 7378697629483821/73786976294838206464)
Precision for EVTs computation: 0.0001 (exact: 7378697629483821/73786976294838206464)
Precision for EVTs computation: 0.0001 (exact: 7378697629483821/73786976294838206464)
Precision for EVTs computation: 0.0001 (exact: 7378697629483821/73786976294838206464)
Precision for EVTs computation: 0.0001 (exact: 7378697629483821/73786976294838206464)
> progress 0.0%, elapsed 3 s, estimated 3254200 s (37 days), iters = {MDP: 6}
Precision for EVTs computation: 0.0001 (exact: 7378697629483821/73786976294838206464)
Precision for EVTs computation: 0.0001 (exact: 7378697629483821/73786976294838206464)
Precision for EVTs computation: 0.0001 (exact: 7378697629483821/73786976294838206464)
Precision for EVTs computation: 0.0001 (exact: 7378697629483821/73786976294838206464)
> progress 0.0%, elapsed 6 s, estimated 6304677 s (72 days), iters = {MDP: 10}
Precision for EVTs computation: 0.0001 (exact: 7378697629483821/73786976294838206464)
Precision for EVTs computation: 0.0001 (exact: 7378697629483821/73786976294838206464)
Precision for EVTs computation: 0.0001 (exact: 7378697629483821/73786976294838206464)
Precision for EVTs computation: 0.0001 (exact: 7378697629483821/73786976294838206464)
> progress 0.0%, elapsed 9 s, estimated 9652490 s (111 days), iters = {MDP: 14}
Precision for EVTs computation: 0.0001 (exact: 7378697629483821/73786976294838206464)
Precision for EVTs computation: 0.0001 (exact: 7378697629483821/73786976294838206464)
Precision for EVTs computation: 0.0001 (exact: 7378697629483821/73786976294838206464)
Precision for EVTs computation: 0.0001 (exact: 7378697629483821/73786976294838206464)
> progress 0.0%, elapsed 13 s, estimated 13521746 s (156 days), iters = {MDP: 18}
Precision for EVTs computation: 0.0001 (exact: 7378697629483821/73786976294838206464)
Precision for EVTs computation: 0.0001 (exact: 7378697629483821/73786976294838206464)
Precision for EVTs computation: 0.0001 (exact: 7378697629483821/73786976294838206464)
Precision for EVTs computation: 0.0001 (exact: 7378697629483821/73786976294838206464)
> progress 0.0%, elapsed 17 s, estimated 17209933 s (199 days), iters = {MDP: 22}
Precision for EVTs computation: 0.0001 (exact: 7378697629483821/73786976294838206464)
Precision for EVTs computation: 0.0001 (exact: 7378697629483821/73786976294838206464)
Precision for EVTs computation: 0.0001 (exact: 7378697629483821/73786976294838206464)
Precision for EVTs computation: 0.0001 (exact: 7378697629483821/73786976294838206464)
> progress 0.0%, elapsed 21 s, estimated 21047144 s (243 days), iters = {MDP: 26}
Precision for EVTs computation: 0.0001 (exact: 7378697629483821/73786976294838206464)
Precision for EVTs computation: 0.0001 (exact: 7378697629483821/73786976294838206464)
Precision for EVTs computation: 0.0001 (exact: 7378697629483821/73786976294838206464)
> progress 0.0%, elapsed 24 s, estimated 24200553 s (280 days), iters = {MDP: 29}
Precision for EVTs computation: 0.0001 (exact: 7378697629483821/73786976294838206464)
Precision for EVTs computation: 0.0001 (exact: 7378697629483821/73786976294838206464)
Precision for EVTs computation: 0.0001 (exact: 7378697629483821/73786976294838206464)
> progress 0.0%, elapsed 27 s, estimated 27371527 s (316 days), iters = {MDP: 32}
Precision for EVTs computation: 0.0001 (exact: 7378697629483821/73786976294838206464)
Precision for EVTs computation: 0.0001 (exact: 7378697629483821/73786976294838206464)
Precision for EVTs computation: 0.0001 (exact: 7378697629483821/73786976294838206464)
> progress 0.0%, elapsed 30 s, estimated 30608348 s (354 days), iters = {MDP: 35}
Precision for EVTs computation: 0.0001 (exact: 7378697629483821/73786976294838206464)
Precision for EVTs computation: 0.0001 (exact: 7378697629483821/73786976294838206464)
Precision for EVTs computation: 0.0001 (exact: 7378697629483821/73786976294838206464)
> progress 0.0%, elapsed 33 s, estimated 33941922 s (1 year), iters = {MDP: 38}
Precision for EVTs computation: 0.0001 (exact: 7378697629483821/73786976294838206464)
Precision for EVTs computation: 0.0001 (exact: 7378697629483821/73786976294838206464)
Precision for EVTs computation: 0.0001 (exact: 7378697629483821/73786976294838206464)
> progress 0.0%, elapsed 37 s, estimated 37344622 s (1 year), iters = {MDP: 41}
Precision for EVTs computation: 0.0001 (exact: 7378697629483821/73786976294838206464)
Precision for EVTs computation: 0.0001 (exact: 7378697629483821/73786976294838206464)
Precision for EVTs computation: 0.0001 (exact: 7378697629483821/73786976294838206464)
> progress 0.0%, elapsed 41 s, estimated 41181672 s (1 year), iters = {MDP: 44}
Precision for EVTs computation: 0.0001 (exact: 7378697629483821/73786976294838206464)
Precision for EVTs computation: 0.0001 (exact: 7378697629483821/73786976294838206464)
Precision for EVTs computation: 0.0001 (exact: 7378697629483821/73786976294838206464)
> progress 0.0%, elapsed 44 s, estimated 44770735 s (1 year), iters = {MDP: 47}
Precision for EVTs computation: 0.0001 (exact: 7378697629483821/73786976294838206464)
Precision for EVTs computation: 0.0001 (exact: 7378697629483821/73786976294838206464)
Precision for EVTs computation: 0.0001 (exact: 7378697629483821/73786976294838206464)
> progress 0.0%, elapsed 48 s, estimated 48551650 s (1 year), iters = {MDP: 50}
Precision for EVTs computation: 0.0001 (exact: 7378697629483821/73786976294838206464)
Precision for EVTs computation: 0.0001 (exact: 7378697629483821/73786976294838206464)
Precision for EVTs computation: 0.0001 (exact: 7378697629483821/73786976294838206464)
> progress 0.0%, elapsed 52 s, estimated 52256135 s (1 year), iters = {MDP: 53}
Precision for EVTs computation: 0.0001 (exact: 7378697629483821/73786976294838206464)
Precision for EVTs computation: 0.0001 (exact: 7378697629483821/73786976294838206464)
Precision for EVTs computation: 0.0001 (exact: 7378697629483821/73786976294838206464)
> progress 0.0%, elapsed 55 s, estimated 55908041 s (1 year), iters = {MDP: 56}
Precision for EVTs computation: 0.0001 (exact: 7378697629483821/73786976294838206464)
Precision for EVTs computation: 0.0001 (exact: 7378697629483821/73786976294838206464)
Precision for EVTs computation: 0.0001 (exact: 7378697629483821/73786976294838206464)
> progress 0.0%, elapsed 59 s, estimated 59664806 s (1 year), iters = {MDP: 59}
Precision for EVTs computation: 0.0001 (exact: 7378697629483821/73786976294838206464)
Precision for EVTs computation: 0.0001 (exact: 7378697629483821/73786976294838206464)
Precision for EVTs computation: 0.0001 (exact: 7378697629483821/73786976294838206464)
> progress 0.0%, elapsed 63 s, estimated 63502300 s (2 years), iters = {MDP: 62}
Precision for EVTs computation: 0.0001 (exact: 7378697629483821/73786976294838206464)
Precision for EVTs computation: 0.0001 (exact: 7378697629483821/73786976294838206464)
Precision for EVTs computation: 0.0001 (exact: 7378697629483821/73786976294838206464)
> progress 0.0%, elapsed 67 s, estimated 67365687 s (2 years), iters = {MDP: 65}
Precision for EVTs computation: 0.0001 (exact: 7378697629483821/73786976294838206464)
Precision for EVTs computation: 0.0001 (exact: 7378697629483821/73786976294838206464)
Precision for EVTs computation: 0.0001 (exact: 7378697629483821/73786976294838206464)
> progress 0.0%, elapsed 71 s, estimated 71481124 s (2 years), iters = {MDP: 68}
Precision for EVTs computation: 0.0001 (exact: 7378697629483821/73786976294838206464)
Precision for EVTs computation: 0.0001 (exact: 7378697629483821/73786976294838206464)
> progress 0.0%, elapsed 74 s, estimated 74525906 s (2 years), iters = {MDP: 70}
Precision for EVTs computation: 0.0001 (exact: 7378697629483821/73786976294838206464)
Precision for EVTs computation: 0.0001 (exact: 7378697629483821/73786976294838206464)
Precision for EVTs computation: 0.0001 (exact: 7378697629483821/73786976294838206464)
> progress 0.0%, elapsed 78 s, estimated 78786916 s (2 years), iters = {MDP: 73}
Precision for EVTs computation: 0.0001 (exact: 7378697629483821/73786976294838206464)
Precision for EVTs computation: 0.0001 (exact: 7378697629483821/73786976294838206464)
Precision for EVTs computation: 0.0001 (exact: 7378697629483821/73786976294838206464)
> progress 0.0%, elapsed 83 s, estimated 83085942 s (2 years), iters = {MDP: 76}
Precision for EVTs computation: 0.0001 (exact: 7378697629483821/73786976294838206464)
Precision for EVTs computation: 0.0001 (exact: 7378697629483821/73786976294838206464)
Precision for EVTs computation: 0.0001 (exact: 7378697629483821/73786976294838206464)
> progress 0.0%, elapsed 87 s, estimated 87456712 s (2 years), iters = {MDP: 79}
Precision for EVTs computation: 0.0001 (exact: 7378697629483821/73786976294838206464)
Precision for EVTs computation: 0.0001 (exact: 7378697629483821/73786976294838206464)
Precision for EVTs computation: 0.0001 (exact: 7378697629483821/73786976294838206464)
> progress 0.0%, elapsed 91 s, estimated 91834864 s (2 years), iters = {MDP: 82}
Precision for EVTs computation: 0.0001 (exact: 7378697629483821/73786976294838206464)
Precision for EVTs computation: 0.0001 (exact: 7378697629483821/73786976294838206464)
Precision for EVTs computation: 0.0001 (exact: 7378697629483821/73786976294838206464)
> progress 0.0%, elapsed 96 s, estimated 96258300 s (3 years), iters = {MDP: 85}
Precision for EVTs computation: 0.0001 (exact: 7378697629483821/73786976294838206464)
Precision for EVTs computation: 0.0001 (exact: 7378697629483821/73786976294838206464)
Precision for EVTs computation: 0.0001 (exact: 7378697629483821/73786976294838206464)
> progress 0.0%, elapsed 100 s, estimated 100708505 s (3 years), iters = {MDP: 88}
Precision for EVTs computation: 0.0001 (exact: 7378697629483821/73786976294838206464)
Precision for EVTs computation: 0.0001 (exact: 7378697629483821/73786976294838206464)
> progress 0.0%, elapsed 103 s, estimated 103812048 s (3 years), iters = {MDP: 90}
Precision for EVTs computation: 0.0001 (exact: 7378697629483821/73786976294838206464)
Precision for EVTs computation: 0.0001 (exact: 7378697629483821/73786976294838206464)
> progress 0.0%, elapsed 106 s, estimated 106852562 s (3 years), iters = {MDP: 92}
Precision for EVTs computation: 0.0001 (exact: 7378697629483821/73786976294838206464)
Precision for EVTs computation: 0.0001 (exact: 7378697629483821/73786976294838206464)
> progress 0.0%, elapsed 109 s, estimated 109881593 s (3 years), iters = {MDP: 94}
Precision for EVTs computation: 0.0001 (exact: 7378697629483821/73786976294838206464)
Precision for EVTs computation: 0.0001 (exact: 7378697629483821/73786976294838206464)
> progress 0.0%, elapsed 112 s, estimated 112964627 s (3 years), iters = {MDP: 96}
Precision for EVTs computation: 0.0001 (exact: 7378697629483821/73786976294838206464)
Precision for EVTs computation: 0.0001 (exact: 7378697629483821/73786976294838206464)
> progress 0.0%, elapsed 116 s, estimated 116076106 s (3 years), iters = {MDP: 98}
Precision for EVTs computation: 0.0001 (exact: 7378697629483821/73786976294838206464)
Precision for EVTs computation: 0.0001 (exact: 7378697629483821/73786976294838206464)
> progress 0.0%, elapsed 119 s, estimated 119586356 s (3 years), iters = {MDP: 100}
Precision for EVTs computation: 0.0001 (exact: 7378697629483821/73786976294838206464)
Precision for EVTs computation: 0.0001 (exact: 7378697629483821/73786976294838206464)
> progress 0.0%, elapsed 122 s, estimated 122683714 s (3 years), iters = {MDP: 102}
Precision for EVTs computation: 0.0001 (exact: 7378697629483821/73786976294838206464)
Precision for EVTs computation: 0.0001 (exact: 7378697629483821/73786976294838206464)
> progress 0.0%, elapsed 125 s, estimated 125728706 s (3 years), iters = {MDP: 104}
Precision for EVTs computation: 0.0001 (exact: 7378697629483821/73786976294838206464)
Precision for EVTs computation: 0.0001 (exact: 7378697629483821/73786976294838206464)
> progress 0.0%, elapsed 128 s, estimated 128809351 s (4 years), iters = {MDP: 106}
Precision for EVTs computation: 0.0001 (exact: 7378697629483821/73786976294838206464)
Precision for EVTs computation: 0.0001 (exact: 7378697629483821/73786976294838206464)
> progress 0.0%, elapsed 131 s, estimated 131931800 s (4 years), iters = {MDP: 108}
Precision for EVTs computation: 0.0001 (exact: 7378697629483821/73786976294838206464)
Precision for EVTs computation: 0.0001 (exact: 7378697629483821/73786976294838206464)
> progress 0.0%, elapsed 135 s, estimated 135068534 s (4 years), iters = {MDP: 110}
Precision for EVTs computation: 0.0001 (exact: 7378697629483821/73786976294838206464)
Precision for EVTs computation: 0.0001 (exact: 7378697629483821/73786976294838206464)
> progress 0.0%, elapsed 138 s, estimated 138211280 s (4 years), iters = {MDP: 112}
Precision for EVTs computation: 0.0001 (exact: 7378697629483821/73786976294838206464)
Precision for EVTs computation: 0.0001 (exact: 7378697629483821/73786976294838206464)
> progress 0.0%, elapsed 141 s, estimated 141512206 s (4 years), iters = {MDP: 114}
Precision for EVTs computation: 0.0001 (exact: 7378697629483821/73786976294838206464)
Precision for EVTs computation: 0.0001 (exact: 7378697629483821/73786976294838206464)
> progress 0.0%, elapsed 144 s, estimated 144918077 s (4 years), iters = {MDP: 116}
Precision for EVTs computation: 0.0001 (exact: 7378697629483821/73786976294838206464)
Precision for EVTs computation: 0.0001 (exact: 7378697629483821/73786976294838206464)
> progress 0.0%, elapsed 148 s, estimated 148380809 s (4 years), iters = {MDP: 118}
Precision for EVTs computation: 0.0001 (exact: 7378697629483821/73786976294838206464)
Precision for EVTs computation: 0.0001 (exact: 7378697629483821/73786976294838206464)
> progress 0.0%, elapsed 151 s, estimated 151829417 s (4 years), iters = {MDP: 120}
Precision for EVTs computation: 0.0001 (exact: 7378697629483821/73786976294838206464)
Precision for EVTs computation: 0.0001 (exact: 7378697629483821/73786976294838206464)
> progress 0.0%, elapsed 155 s, estimated 155501088 s (4 years), iters = {MDP: 122}
Precision for EVTs computation: 0.0001 (exact: 7378697629483821/73786976294838206464)
Precision for EVTs computation: 0.0001 (exact: 7378697629483821/73786976294838206464)
> progress 0.0%, elapsed 158 s, estimated 158943618 s (5 years), iters = {MDP: 124}
Precision for EVTs computation: 0.0001 (exact: 7378697629483821/73786976294838206464)
Precision for EVTs computation: 0.0001 (exact: 7378697629483821/73786976294838206464)
> progress 0.0%, elapsed 162 s, estimated 162336298 s (5 years), iters = {MDP: 126}
Precision for EVTs computation: 0.0001 (exact: 7378697629483821/73786976294838206464)
Precision for EVTs computation: 0.0001 (exact: 7378697629483821/73786976294838206464)
> progress 0.0%, elapsed 165 s, estimated 165826293 s (5 years), iters = {MDP: 128}
Precision for EVTs computation: 0.0001 (exact: 7378697629483821/73786976294838206464)
Precision for EVTs computation: 0.0001 (exact: 7378697629483821/73786976294838206464)
> progress 0.0%, elapsed 169 s, estimated 169384040 s (5 years), iters = {MDP: 130}
Precision for EVTs computation: 0.0001 (exact: 7378697629483821/73786976294838206464)
Precision for EVTs computation: 0.0001 (exact: 7378697629483821/73786976294838206464)
> progress 0.0%, elapsed 172 s, estimated 172793069 s (5 years), iters = {MDP: 132}
Precision for EVTs computation: 0.0001 (exact: 7378697629483821/73786976294838206464)
Precision for EVTs computation: 0.0001 (exact: 7378697629483821/73786976294838206464)
> progress 0.0%, elapsed 176 s, estimated 176252865 s (5 years), iters = {MDP: 134}
Precision for EVTs computation: 0.0001 (exact: 7378697629483821/73786976294838206464)
Precision for EVTs computation: 0.0001 (exact: 7378697629483821/73786976294838206464)
> progress 0.0%, elapsed 179 s, estimated 179652633 s (5 years), iters = {MDP: 136}
Precision for EVTs computation: 0.0001 (exact: 7378697629483821/73786976294838206464)
Precision for EVTs computation: 0.0001 (exact: 7378697629483821/73786976294838206464)
> progress 0.0%, elapsed 183 s, estimated 183485501 s (5 years), iters = {MDP: 138}
Precision for EVTs computation: 0.0001 (exact: 7378697629483821/73786976294838206464)
Precision for EVTs computation: 0.0001 (exact: 7378697629483821/73786976294838206464)
> progress 0.0%, elapsed 186 s, estimated 186785464 s (5 years), iters = {MDP: 140}
Precision for EVTs computation: 0.0001 (exact: 7378697629483821/73786976294838206464)
Precision for EVTs computation: 0.0001 (exact: 7378697629483821/73786976294838206464)
> progress 0.0%, elapsed 190 s, estimated 190062430 s (6 years), iters = {MDP: 142}
Precision for EVTs computation: 0.0001 (exact: 7378697629483821/73786976294838206464)
Precision for EVTs computation: 0.0001 (exact: 7378697629483821/73786976294838206464)
> progress 0.0%, elapsed 193 s, estimated 193236329 s (6 years), iters = {MDP: 144}
Precision for EVTs computation: 0.0001 (exact: 7378697629483821/73786976294838206464)
Precision for EVTs computation: 0.0001 (exact: 7378697629483821/73786976294838206464)
> progress 0.0%, elapsed 196 s, estimated 196306464 s (6 years), iters = {MDP: 146}
Precision for EVTs computation: 0.0001 (exact: 7378697629483821/73786976294838206464)
Precision for EVTs computation: 0.0001 (exact: 7378697629483821/73786976294838206464)
Precision for EVTs computation: 0.0001 (exact: 7378697629483821/73786976294838206464)
> progress 0.0%, elapsed 200 s, estimated 200709882 s (6 years), iters = {MDP: 149}
Precision for EVTs computation: 0.0001 (exact: 7378697629483821/73786976294838206464)
Precision for EVTs computation: 0.0001 (exact: 7378697629483821/73786976294838206464)
Precision for EVTs computation: 0.0001 (exact: 7378697629483821/73786976294838206464)
> progress 0.0%, elapsed 205 s, estimated 205134992 s (6 years), iters = {MDP: 152}
Precision for EVTs computation: 0.0001 (exact: 7378697629483821/73786976294838206464)
Precision for EVTs computation: 0.0001 (exact: 7378697629483821/73786976294838206464)
Precision for EVTs computation: 0.0001 (exact: 7378697629483821/73786976294838206464)
> progress 0.0%, elapsed 209 s, estimated 209540897 s (6 years), iters = {MDP: 155}
Precision for EVTs computation: 0.0001 (exact: 7378697629483821/73786976294838206464)
Precision for EVTs computation: 0.0001 (exact: 7378697629483821/73786976294838206464)
Precision for EVTs computation: 0.0001 (exact: 7378697629483821/73786976294838206464)
> progress 0.0%, elapsed 213 s, estimated 213871604 s (6 years), iters = {MDP: 158}
Precision for EVTs computation: 0.0001 (exact: 7378697629483821/73786976294838206464)
Precision for EVTs computation: 0.0001 (exact: 7378697629483821/73786976294838206464)
Precision for EVTs computation: 0.0001 (exact: 7378697629483821/73786976294838206464)
> progress 0.0%, elapsed 218 s, estimated 218101177 s (6 years), iters = {MDP: 161}
Precision for EVTs computation: 0.0001 (exact: 7378697629483821/73786976294838206464)
Precision for EVTs computation: 0.0001 (exact: 7378697629483821/73786976294838206464)
Precision for EVTs computation: 0.0001 (exact: 7378697629483821/73786976294838206464)
> progress 0.0%, elapsed 222 s, estimated 222452763 s (7 years), iters = {MDP: 164}
Precision for EVTs computation: 0.0001 (exact: 7378697629483821/73786976294838206464)
Precision for EVTs computation: 0.0001 (exact: 7378697629483821/73786976294838206464)
Precision for EVTs computation: 0.0001 (exact: 7378697629483821/73786976294838206464)
> progress 0.0%, elapsed 226 s, estimated 226586806 s (7 years), iters = {MDP: 167}
Precision for EVTs computation: 0.0001 (exact: 7378697629483821/73786976294838206464)
Precision for EVTs computation: 0.0001 (exact: 7378697629483821/73786976294838206464)
Precision for EVTs computation: 0.0001 (exact: 7378697629483821/73786976294838206464)
> progress 0.0%, elapsed 230 s, estimated 230729860 s (7 years), iters = {MDP: 170}
Precision for EVTs computation: 0.0001 (exact: 7378697629483821/73786976294838206464)
Precision for EVTs computation: 0.0001 (exact: 7378697629483821/73786976294838206464)
> progress 0.0%, elapsed 238 s, estimated 238079680 s (7 years), iters = {MDP: 172}
Precision for EVTs computation: 0.0001 (exact: 7378697629483821/73786976294838206464)
Precision for EVTs computation: 0.0001 (exact: 7378697629483821/73786976294838206464)
> progress 0.0%, elapsed 247 s, estimated 247808476 s (7 years), iters = {MDP: 174}
Precision for EVTs computation: 0.0001 (exact: 7378697629483821/73786976294838206464)
Precision for EVTs computation: 0.0001 (exact: 7378697629483821/73786976294838206464)
> progress 0.0%, elapsed 250 s, estimated 250828789 s (7 years), iters = {MDP: 176}
Precision for EVTs computation: 0.0001 (exact: 7378697629483821/73786976294838206464)
Precision for EVTs computation: 0.0001 (exact: 7378697629483821/73786976294838206464)
> progress 0.0%, elapsed 253 s, estimated 253844942 s (8 years), iters = {MDP: 178}
Precision for EVTs computation: 0.0001 (exact: 7378697629483821/73786976294838206464)
Precision for EVTs computation: 0.0001 (exact: 7378697629483821/73786976294838206464)
Precision for EVTs computation: 0.0001 (exact: 7378697629483821/73786976294838206464)
> progress 0.0%, elapsed 258 s, estimated 258344423 s (8 years), iters = {MDP: 181}
Precision for EVTs computation: 0.0001 (exact: 7378697629483821/73786976294838206464)
Precision for EVTs computation: 0.0001 (exact: 7378697629483821/73786976294838206464)
Precision for EVTs computation: 0.0001 (exact: 7378697629483821/73786976294838206464)
> progress 0.0%, elapsed 262 s, estimated 262813527 s (8 years), iters = {MDP: 184}
Precision for EVTs computation: 0.0001 (exact: 7378697629483821/73786976294838206464)
Precision for EVTs computation: 0.0001 (exact: 7378697629483821/73786976294838206464)
Precision for EVTs computation: 0.0001 (exact: 7378697629483821/73786976294838206464)
> progress 0.0%, elapsed 267 s, estimated 267299653 s (8 years), iters = {MDP: 187}
Precision for EVTs computation: 0.0001 (exact: 7378697629483821/73786976294838206464)
Precision for EVTs computation: 0.0001 (exact: 7378697629483821/73786976294838206464)
> progress 0.0%, elapsed 270 s, estimated 270935527 s (8 years), iters = {MDP: 189}
Precision for EVTs computation: 0.0001 (exact: 7378697629483821/73786976294838206464)
Precision for EVTs computation: 0.0001 (exact: 7378697629483821/73786976294838206464)
Precision for EVTs computation: 0.0001 (exact: 7378697629483821/73786976294838206464)
> progress 0.0%, elapsed 275 s, estimated 275396535 s (8 years), iters = {MDP: 192}
Precision for EVTs computation: 0.0001 (exact: 7378697629483821/73786976294838206464)
Precision for EVTs computation: 0.0001 (exact: 7378697629483821/73786976294838206464)
> progress 0.0%, elapsed 278 s, estimated 278473040 s (8 years), iters = {MDP: 194}
Precision for EVTs computation: 0.0001 (exact: 7378697629483821/73786976294838206464)
Precision for EVTs computation: 0.0001 (exact: 7378697629483821/73786976294838206464)
> progress 0.0%, elapsed 281 s, estimated 281574308 s (8 years), iters = {MDP: 196}
Precision for EVTs computation: 0.0001 (exact: 7378697629483821/73786976294838206464)
Precision for EVTs computation: 0.0001 (exact: 7378697629483821/73786976294838206464)
> progress 0.0%, elapsed 284 s, estimated 284589904 s (9 years), iters = {MDP: 198}
Precision for EVTs computation: 0.0001 (exact: 7378697629483821/73786976294838206464)
Precision for EVTs computation: 0.0001 (exact: 7378697629483821/73786976294838206464)
> progress 0.0%, elapsed 287 s, estimated 287619229 s (9 years), iters = {MDP: 200}
Precision for EVTs computation: 0.0001 (exact: 7378697629483821/73786976294838206464)
Precision for EVTs computation: 0.0001 (exact: 7378697629483821/73786976294838206464)
