2024-07-16 13:19:24,917 - cli.py - This is Paynt version 0.1.0.
2024-07-16 13:19:24,917 - sketch.py - loading sketch from rl_src/models_large/drone-2-8-1/sketch.templ ...
2024-07-16 13:19:24,917 - sketch.py - assuming sketch in PRISM format...
2024-07-16 13:19:24,921 - prism_parser.py - PRISM model type: POMDP
2024-07-16 13:19:24,921 - prism_parser.py - loading properties from rl_src/models_large/drone-2-8-1/sketch.props ...
2024-07-16 13:19:24,922 - prism_parser.py - found the following specification: optimality: Pmax=? ["notbad" U "goal"] 
2024-07-16 13:19:28,966 - sketch.py - sketch parsing OK
2024-07-16 13:19:28,966 - sketch.py - constructed explicit quotient having 520190 states and 1520378 actions
2024-07-16 13:19:28,966 - property.py - converting until formula to eventually...
2024-07-16 13:19:28,966 - sketch.py - found the following specification optimality: Pmax=? [F "goal"] 
2024-07-16 13:19:29,490 - pomdp.py - constructed POMDP having 889 observations.
2024-07-16 13:19:29,914 - pomdp.py - unfolding 1-FSC template into POMDP...
2024-07-16 13:19:30,996 - pomdp.py - constructed quotient MDP having 520190 states and 1520378 actions.
2024-07-16 13:19:32,896 - tpu_cluster_resolver.py - Falling back to TensorFlow client; we recommended you install the Cloud TPU client directly with pip install cloud-tpu-client.
2024-07-16 13:19:33,030 - __init__.py - Creating converter from 7 to 5
2024-07-16 13:19:33,030 - __init__.py - Creating converter from 5 to 7
2024-07-16 13:19:33,030 - __init__.py - Creating converter from 7 to 5
2024-07-16 13:19:33,030 - __init__.py - Creating converter from 5 to 7
2024-07-16 13:19:33,798 - synthesizer_pomdp.py - Storm POMDP option enabled
2024-07-16 13:19:33,798 - synthesizer_pomdp.py - Storm settings: iterative - (600, 30, 5), get_storm_result - None, storm_options - cutoff, prune_storm - False, unfold_strategy - (True, False), use_storm_cutoffs - False
2024-07-16 13:19:33,799 - synthesizer.py - synthesis initiated, design space: 1e176
2024-07-16 13:19:33,799 - synthesizer_pomdp.py - Timeout for PAYNT started
> progress 0.0%, elapsed 13 s, estimated 13447205 s (155 days), iters = {MDP: 2}
> progress 0.0%, elapsed 27 s, estimated 27046906 s (313 days), iters = {MDP: 3}
2024-07-16 13:20:13,354 - synthesizer_ar_storm.py - Pausing synthesis
2024-07-16 13:20:13,378 - storm_pomdp_control.py - Interactive Storm started
2024-07-16 13:20:13,379 - storm_pomdp_control.py - starting Storm POMDP analysis
2024-07-16 13:20:51,412 - storm_pomdp_control.py - Pausing Storm
Finished exploring under-approximation MDP.
Start analysis...
-----------Storm-----------               
Value = 0.40029019412593697 | Time elapsed = 80.7s | FSC size = 9376


------------------------------------

PAYNT results: 
None
controller size: None

Storm results: 
0.40029019412593697
controller size: 9376

------------------------------------

2024-07-16 13:20:58,528 - synthesizer_pomdp.py - Timeout for PAYNT started
2024-07-16 13:20:59,426 - synthesizer_ar_storm.py - Resuming synthesis
2024-07-16 13:20:59,426 - synthesizer_ar_storm.py - Additional memory needed
2024-07-16 13:20:59,426 - synthesizer.py - synthesis finished, printing synthesized assignment below:
2024-07-16 13:20:59,426 - synthesizer.py - None
--------------------
Synthesis summary:
optimality objective: Pmax=? [F "goal"] 

method: AR, synthesis time: 39.55 s
number of holes: 252, family size: 1e176, quotient: 520190 states / 1520378 actions
explored: 0 %
MDP stats: avg MDP size: 520190, iterations: 3

feasible: no
--------------------
2024-07-16 13:20:59,427 - synthesizer_pomdp.py - Added memory nodes for observation based on Storm data
2024-07-16 13:20:59,503 - pomdp.py - unfolding 3-FSC template into POMDP...
2024-07-16 13:21:00,831 - pomdp.py - constructed quotient MDP having 538245 states and 1634467 actions.
2024-07-16 13:21:02,628 - storm_pomdp_control.py - Main family based on data from Storm: reduced design space from 1e190 to 1e13
2024-07-16 13:21:02,630 - synthesizer.py - synthesis initiated, design space: 1e190
-----------PAYNT-----------                     
Value = 0.0 | Time elapsed = 89.2s | FSC size = 1802

2024-07-16 13:21:03,004 - synthesizer_ar_storm.py - Main family synthesis done
2024-07-16 13:21:03,004 - synthesizer_ar_storm.py - Subfamilies buffer contains: 32 families
> progress 0.0%, elapsed 14 s, estimated 10119873732306467739461705743714458126278212551383807621047328014950050826572809349554572854838488093218915556856525951465796578093373274910949204352097962331611669240797856792576 s (320899090953401420575992753150591098230035593393808287054477521476206074712749513989172718152071558339641760289446661891562164742533216567919019933739050418816163466182656 years), iters = {MDP: 3}, opt = 0.0
2024-07-16 13:30:34,648 - synthesizer_ar_storm.py - Pausing synthesis
2024-07-16 13:30:34,745 - storm_pomdp_control.py - Interactive Storm resumed
2024-07-16 13:30:34,745 - storm_pomdp_control.py - Updating FSC values in Storm
2024-07-16 13:30:40,759 - storm_pomdp_control.py - Pausing Storm
Finished exploring under-approximation MDP.
Start analysis...
-----------Storm-----------               
Value = 0.4059862792705347 | Time elapsed = 670.4s | FSC size = 40775


------------------------------------

PAYNT results: 
0.0
controller size: 1802

Storm results: 
0.4059862792705347
controller size: 40775

------------------------------------

2024-07-16 13:30:49,699 - synthesizer_ar_storm.py - Terminating controller synthesis
2024-07-16 13:30:49,700 - synthesizer.py - synthesis finished, printing synthesized assignment below:
2024-07-16 13:30:49,700 - synthesizer.py - A([ax=3	& ay=6	& clk=0	& crash=0	& goal=0	& see1=0	& see2=0],0)=l, A([ax=6	& ay=3	& clk=0	& crash=0	& goal=0	& see1=0	& see2=0],0)=l, A([ax=5	& ay=8	& clk=0	& crash=0	& goal=0	& see1=0	& see2=0],0)=l, A([ax=7	& ay=6	& clk=0	& crash=0	& goal=0	& see1=0	& see2=0],0)=l, A([ax=3	& ay=7	& clk=0	& crash=0	& goal=0	& see1=0	& see2=1],0)=l, A([ax=6	& ay=7	& clk=0	& crash=0	& goal=0	& see1=0	& see2=0],0)=l, A([ax=7	& ay=8	& clk=0	& crash=0	& goal=0	& see1=0	& see2=0],0)=l, A([ax=7	& ay=2	& clk=0	& crash=0	& goal=0	& see1=0	& see2=0],0)=l, A([ax=5	& ay=1	& clk=0	& crash=0	& goal=0	& see1=0	& see2=0],0)=r, A([ax=5	& ay=1	& clk=0	& crash=0	& goal=0	& see1=0	& see2=0],1)=r, A([ax=1	& ay=2	& clk=0	& crash=0	& goal=0	& see1=0	& see2=0],0)=l, A([ax=4	& ay=5	& clk=0	& crash=0	& goal=0	& see1=0	& see2=1],0)=l, A([ax=5	& ay=3	& clk=0	& crash=0	& goal=0	& see1=0	& see2=0],0)=l, A([ax=4	& ay=8	& clk=0	& crash=0	& goal=0	& see1=0	& see2=0],0)=l, A([ax=8	& ay=6	& clk=0	& crash=0	& goal=0	& see1=0	& see2=0],0)=l, A([ax=8	& ay=5	& clk=0	& crash=0	& goal=0	& see1=0	& see2=0],0)=l, A([ax=5	& ay=5	& clk=0	& crash=0	& goal=0	& see1=0	& see2=0],0)=l, A([ax=2	& ay=4	& clk=0	& crash=0	& goal=0	& see1=0	& see2=0],0)=l, A([ax=3	& ay=7	& clk=0	& crash=0	& goal=0	& see1=0	& see2=0],0)=l, A([ax=1	& ay=3	& clk=0	& crash=0	& goal=0	& see1=0	& see2=0],0)=l, A([ax=2	& ay=5	& clk=0	& crash=0	& goal=0	& see1=0	& see2=0],0)=l, A([ax=6	& ay=8	& clk=0	& crash=0	& goal=0	& see1=0	& see2=0],0)=l, A([ax=2	& ay=1	& clk=0	& crash=0	& goal=0	& see1=0	& see2=1],0)=l, A([ax=6	& ay=6	& clk=0	& crash=0	& goal=0	& see1=0	& see2=0],0)=l, M([ax=5	& ay=1	& clk=1	& crash=0	& goal=0	& see1=0	& see2=0],0)=0, A([ax=3	& ay=5	& clk=0	& crash=0	& goal=0	& see1=0	& see2=0],0)=l, A([ax=4	& ay=3	& clk=0	& crash=0	& goal=0	& see1=0	& see2=0],0)=l, A([ax=1	& ay=8	& clk=0	& crash=0	& goal=0	& see1=0	& see2=0],0)=l, A([ax=3	& ay=2	& clk=0	& crash=0	& goal=0	& see1=0	& see2=0],0)=l, A([ax=1	& ay=7	& clk=0	& crash=0	& goal=0	& see1=0	& see2=0],0)=l, M([ax=8	& ay=1	& clk=1	& crash=0	& goal=0	& see1=1	& see2=0],0)=0, A([ax=8	& ay=4	& clk=0	& crash=0	& goal=0	& see1=0	& see2=0],0)=l, A([ax=4	& ay=5	& clk=0	& crash=0	& goal=0	& see1=1	& see2=0],0)=l, A([ax=7	& ay=7	& clk=0	& crash=0	& goal=0	& see1=0	& see2=1],0)=l, M([ax=6	& ay=1	& clk=1	& crash=0	& goal=0	& see1=0	& see2=0],0)=0, A([ax=3	& ay=4	& clk=0	& crash=0	& goal=0	& see1=0	& see2=0],0)=l, A([ax=4	& ay=2	& clk=0	& crash=0	& goal=0	& see1=0	& see2=0],0)=l, A([ax=3	& ay=3	& clk=0	& crash=0	& goal=0	& see1=0	& see2=0],0)=l, A([ax=4	& ay=5	& clk=0	& crash=0	& goal=0	& see1=0	& see2=0],0)=l, A([ax=7	& ay=1	& clk=0	& crash=0	& goal=0	& see1=0	& see2=0],0)=l, A([ax=7	& ay=1	& clk=0	& crash=0	& goal=0	& see1=0	& see2=0],1)=l, A([ax=5	& ay=5	& clk=0	& crash=0	& goal=0	& see1=1	& see2=0],0)=l, A([ax=5	& ay=6	& clk=0	& crash=0	& goal=0	& see1=0	& see2=0],0)=l, A([ax=7	& ay=3	& clk=0	& crash=0	& goal=0	& see1=0	& see2=0],0)=l, A([ax=2	& ay=6	& clk=0	& crash=0	& goal=0	& see1=0	& see2=0],0)=l, A([ax=8	& ay=3	& clk=0	& crash=0	& goal=0	& see1=0	& see2=0],0)=l, A([ax=1	& ay=5	& clk=0	& crash=0	& goal=0	& see1=0	& see2=0],0)=l, A([ax=4	& ay=1	& clk=0	& crash=0	& goal=0	& see1=0	& see2=0],0)=r, A([ax=6	& ay=1	& clk=0	& crash=0	& goal=0	& see1=0	& see2=0],0)=l, A([ax=6	& ay=1	& clk=0	& crash=0	& goal=0	& see1=0	& see2=0],1)=l, A([ax=6	& ay=1	& clk=0	& crash=0	& goal=0	& see1=0	& see2=0],2)=l, M([ax=8	& ay=1	& clk=1	& crash=0	& goal=0	& see1=0	& see2=1],0)=0, A([ax=6	& ay=2	& clk=0	& crash=0	& goal=0	& see1=0	& see2=0],0)=l, A([ax=4	& ay=2	& clk=0	& crash=0	& goal=0	& see1=0	& see2=1],0)=l, A([ax=1	& ay=6	& clk=0	& crash=0	& goal=0	& see1=0	& see2=0],0)=l, A([ax=7	& ay=5	& clk=0	& crash=0	& goal=0	& see1=0	& see2=0],0)=l, A([ax=5	& ay=4	& clk=0	& crash=0	& goal=0	& see1=0	& see2=1],0)=l, A([ax=8	& ay=1	& clk=0	& crash=0	& goal=0	& see1=0	& see2=0],0)=r, A([ax=8	& ay=1	& clk=0	& crash=0	& goal=0	& see1=0	& see2=0],1)=r, A([ax=7	& ay=6	& clk=0	& crash=0	& goal=0	& see1=1	& see2=1],0)=l, A([ax=4	& ay=8	& clk=0	& crash=0	& goal=0	& see1=1	& see2=0],0)=l, A([ax=2	& ay=5	& clk=0	& crash=0	& goal=0	& see1=1	& see2=0],0)=l, A([ax=2	& ay=8	& clk=0	& crash=0	& goal=0	& see1=0	& see2=0],0)=l, A([ax=5	& ay=1	& clk=0	& crash=0	& goal=0	& see1=0	& see2=1],0)=l, A([ax=3	& ay=8	& clk=0	& crash=0	& goal=0	& see1=0	& see2=0],0)=l, A([ax=8	& ay=7	& clk=0	& crash=0	& goal=0	& see1=0	& see2=0],0)=l, A([ax=2	& ay=4	& clk=0	& crash=0	& goal=0	& see1=0	& see2=1],0)=l, A([ax=5	& ay=7	& clk=0	& crash=0	& goal=0	& see1=0	& see2=1],0)=l, A([ax=8	& ay=2	& clk=0	& crash=0	& goal=0	& see1=0	& see2=1],0)=l, A([ax=5	& ay=1	& clk=0	& crash=0	& goal=0	& see1=1	& see2=0],0)=l, M([ax=6	& ay=1	& clk=1	& crash=0	& goal=0	& see1=0	& see2=1],0)=0, A([ax=4	& ay=1	& clk=0	& crash=0	& goal=0	& see1=1	& see2=1],0)=l, A([ax=2	& ay=5	& clk=0	& crash=0	& goal=0	& see1=0	& see2=1],0)=l, A([ax=5	& ay=2	& clk=0	& crash=0	& goal=0	& see1=0	& see2=0],0)=l, M([ax=5	& ay=1	& clk=1	& crash=0	& goal=0	& see1=1	& see2=0],0)=0, A([ax=6	& ay=5	& clk=0	& crash=0	& goal=0	& see1=0	& see2=0],0)=l, A([ax=7	& ay=4	& clk=0	& crash=0	& goal=0	& see1=0	& see2=0],0)=l, A([ax=5	& ay=4	& clk=0	& crash=0	& goal=0	& see1=0	& see2=0],0)=l, A([ax=7	& ay=4	& clk=0	& crash=0	& goal=0	& see1=1	& see2=0],0)=l, A([ax=4	& ay=8	& clk=0	& crash=0	& goal=0	& see1=0	& see2=1],0)=l, A([ax=4	& ay=4	& clk=0	& crash=0	& goal=0	& see1=0	& see2=0],0)=l, A([ax=1	& ay=1	& clk=0	& crash=0	& goal=0	& see1=0	& see2=0],0)=r, A([ax=2	& ay=7	& clk=0	& crash=0	& goal=0	& see1=0	& see2=0],0)=l, M([ax=8	& ay=1	& clk=1	& crash=0	& goal=0	& see1=0	& see2=0],0)=0, A([ax=6	& ay=4	& clk=0	& crash=0	& goal=0	& see1=0	& see2=0],0)=l, A([ax=2	& ay=1	& clk=0	& crash=0	& goal=0	& see1=0	& see2=0],0)=r, A([ax=2	& ay=7	& clk=0	& crash=0	& goal=0	& see1=0	& see2=1],0)=l, A([ax=3	& ay=5	& clk=0	& crash=0	& goal=0	& see1=1	& see2=0],0)=l, M([ax=7	& ay=1	& clk=1	& crash=0	& goal=0	& see1=0	& see2=0],0)=0, A([ax=5	& ay=7	& clk=0	& crash=0	& goal=0	& see1=1	& see2=1],0)=l, A([ax=1	& ay=4	& clk=0	& crash=0	& goal=0	& see1=0	& see2=0],0)=l, A([ax=7	& ay=7	& clk=0	& crash=0	& goal=0	& see1=0	& see2=0],0)=l, A([ax=4	& ay=6	& clk=0	& crash=0	& goal=0	& see1=0	& see2=0],0)=l, A([ax=4	& ay=4	& clk=0	& crash=0	& goal=0	& see1=0	& see2=1],0)=l, A([ax=5	& ay=7	& clk=0	& crash=0	& goal=0	& see1=0	& see2=0],0)=l, A([ax=7	& ay=7	& clk=0	& crash=0	& goal=0	& see1=1	& see2=0],0)=l, A([ax=3	& ay=3	& clk=0	& crash=0	& goal=0	& see1=0	& see2=1],0)=l, M([ax=5	& ay=1	& clk=1	& crash=0	& goal=0	& see1=0	& see2=1],0)=0, A([ax=3	& ay=4	& clk=0	& crash=0	& goal=0	& see1=1	& see2=0],0)=l, A([ax=8	& ay=4	& clk=0	& crash=0	& goal=0	& see1=1	& see2=0],0)=l, A([ax=8	& ay=3	& clk=0	& crash=0	& goal=0	& see1=0	& see2=1],0)=l, A([ax=5	& ay=5	& clk=0	& crash=0	& goal=0	& see1=0	& see2=1],0)=l, A([ax=7	& ay=5	& clk=0	& crash=0	& goal=0	& see1=0	& see2=1],0)=l, A([ax=4	& ay=7	& clk=0	& crash=0	& goal=0	& see1=0	& see2=0],0)=l, A([ax=2	& ay=3	& clk=0	& crash=0	& goal=0	& see1=0	& see2=0],0)=l, A([ax=2	& ay=2	& clk=0	& crash=0	& goal=0	& see1=0	& see2=1],0)=l, A([ax=3	& ay=1	& clk=0	& crash=0	& goal=0	& see1=0	& see2=0],0)=r, A([ax=2	& ay=4	& clk=0	& crash=0	& goal=0	& see1=1	& see2=0],0)=l, A([ax=3	& ay=5	& clk=0	& crash=0	& goal=0	& see1=0	& see2=1],0)=l, A([ax=5	& ay=8	& clk=0	& crash=0	& goal=0	& see1=0	& see2=1],0)=l, A([ax=1	& ay=3	& clk=0	& crash=0	& goal=0	& see1=1	& see2=0],0)=l, A([ax=6	& ay=4	& clk=0	& crash=0	& goal=0	& see1=0	& see2=1],0)=l, A([ax=2	& ay=2	& clk=0	& crash=0	& goal=0	& see1=0	& see2=0],0)=l, A([ax=5	& ay=6	& clk=0	& crash=0	& goal=0	& see1=0	& see2=1],0)=l, A([ax=8	& ay=2	& clk=0	& crash=0	& goal=0	& see1=0	& see2=0],0)=l, A([ax=4	& ay=4	& clk=0	& crash=0	& goal=0	& see1=1	& see2=0],0)=l, A([ax=7	& ay=6	& clk=0	& crash=0	& goal=0	& see1=1	& see2=0],0)=l, A([ax=5	& ay=7	& clk=0	& crash=0	& goal=0	& see1=1	& see2=0],0)=l, A([ax=4	& ay=1	& clk=0	& crash=0	& goal=0	& see1=0	& see2=1],0)=l, A([ax=6	& ay=5	& clk=0	& crash=0	& goal=0	& see1=0	& see2=1],0)=l, A([ax=6	& ay=4	& clk=0	& crash=0	& goal=0	& see1=1	& see2=0],0)=l, A([ax=2	& ay=6	& clk=0	& crash=0	& goal=0	& see1=0	& see2=1],0)=l, A([ax=2	& ay=2	& clk=0	& crash=0	& goal=0	& see1=1	& see2=0],0)=l, A([ax=8	& ay=5	& clk=0	& crash=0	& goal=0	& see1=0	& see2=1],0)=l, A([ax=1	& ay=2	& clk=0	& crash=0	& goal=0	& see1=1	& see2=0],0)=l, A([ax=3	& ay=7	& clk=0	& crash=0	& goal=0	& see1=1	& see2=0],0)=l, A([ax=5	& ay=2	& clk=0	& crash=0	& goal=0	& see1=0	& see2=1],0)=l, A([ax=2	& ay=5	& clk=0	& crash=0	& goal=0	& see1=1	& see2=1],0)=l, A([ax=5	& ay=6	& clk=0	& crash=0	& goal=0	& see1=1	& see2=1],0)=l, A([ax=6	& ay=3	& clk=0	& crash=0	& goal=0	& see1=1	& see2=0],0)=l, A([ax=6	& ay=6	& clk=0	& crash=0	& goal=0	& see1=1	& see2=1],0)=l, A([ax=3	& ay=2	& clk=0	& crash=0	& goal=0	& see1=0	& see2=1],0)=l, A([ax=6	& ay=3	& clk=0	& crash=0	& goal=0	& see1=0	& see2=1],0)=l, A([ax=8	& ay=7	& clk=0	& crash=0	& goal=0	& see1=0	& see2=1],0)=l, A([ax=6	& ay=1	& clk=0	& crash=0	& goal=0	& see1=0	& see2=1],0)=l, A([ax=4	& ay=2	& clk=0	& crash=0	& goal=0	& see1=1	& see2=0],0)=l, A([ax=5	& ay=2	& clk=0	& crash=0	& goal=0	& see1=1	& see2=0],0)=l, A([ax=5	& ay=2	& clk=0	& crash=0	& goal=0	& see1=1	& see2=1],0)=l, A([ax=1	& ay=2	& clk=0	& crash=0	& goal=0	& see1=0	& see2=1],0)=l, A([ax=2	& ay=3	& clk=0	& crash=0	& goal=0	& see1=1	& see2=0],0)=l, A([ax=1	& ay=7	& clk=0	& crash=0	& goal=0	& see1=1	& see2=0],0)=l, A([ax=3	& ay=3	& clk=0	& crash=0	& goal=0	& see1=1	& see2=0],0)=l, A([ax=6	& ay=7	& clk=0	& crash=0	& goal=0	& see1=1	& see2=0],0)=l, A([ax=6	& ay=2	& clk=0	& crash=0	& goal=0	& see1=1	& see2=0],0)=l, A([ax=7	& ay=5	& clk=0	& crash=0	& goal=0	& see1=1	& see2=1],0)=l, A([ax=7	& ay=6	& clk=0	& crash=0	& goal=0	& see1=0	& see2=1],0)=l, A([ax=5	& ay=3	& clk=0	& crash=0	& goal=0	& see1=0	& see2=1],0)=l, A([ax=8	& ay=7	& clk=0	& crash=0	& goal=0	& see1=1	& see2=0],0)=l, A([ax=6	& ay=7	& clk=0	& crash=0	& goal=0	& see1=0	& see2=1],0)=l, A([ax=2	& ay=3	& clk=0	& crash=0	& goal=0	& see1=0	& see2=1],0)=l, A([ax=4	& ay=6	& clk=0	& crash=0	& goal=0	& see1=1	& see2=0],0)=l, M([ax=7	& ay=1	& clk=1	& crash=0	& goal=0	& see1=1	& see2=0],0)=0, A([ax=1	& ay=7	& clk=0	& crash=0	& goal=0	& see1=0	& see2=1],0)=l, A([ax=2	& ay=4	& clk=0	& crash=0	& goal=0	& see1=1	& see2=1],0)=l, A([ax=6	& ay=6	& clk=0	& crash=0	& goal=0	& see1=1	& see2=0],0)=l, A([ax=6	& ay=8	& clk=0	& crash=0	& goal=0	& see1=1	& see2=0],0)=l, A([ax=4	& ay=2	& clk=0	& crash=0	& goal=0	& see1=1	& see2=1],0)=l, A([ax=5	& ay=5	& clk=0	& crash=0	& goal=0	& see1=1	& see2=1],0)=l, A([ax=3	& ay=8	& clk=0	& crash=0	& goal=0	& see1=1	& see2=0],0)=l, A([ax=6	& ay=5	& clk=0	& crash=0	& goal=0	& see1=1	& see2=0],0)=l, A([ax=2	& ay=6	& clk=0	& crash=0	& goal=0	& see1=1	& see2=1],0)=l, A([ax=6	& ay=6	& clk=0	& crash=0	& goal=0	& see1=0	& see2=1],0)=l, A([ax=5	& ay=8	& clk=0	& crash=0	& goal=0	& see1=1	& see2=0],0)=l, A([ax=4	& ay=3	& clk=0	& crash=0	& goal=0	& see1=0	& see2=1],0)=l, A([ax=3	& ay=4	& clk=0	& crash=0	& goal=0	& see1=0	& see2=1],0)=l, A([ax=4	& ay=7	& clk=0	& crash=0	& goal=0	& see1=1	& see2=0],0)=l, A([ax=4	& ay=7	& clk=0	& crash=0	& goal=0	& see1=0	& see2=1],0)=l, A([ax=1	& ay=8	& clk=0	& crash=0	& goal=0	& see1=0	& see2=1],0)=l, A([ax=7	& ay=3	& clk=0	& crash=0	& goal=0	& see1=1	& see2=1],0)=l, A([ax=5	& ay=3	& clk=0	& crash=0	& goal=0	& see1=1	& see2=1],0)=l, A([ax=5	& ay=4	& clk=0	& crash=0	& goal=0	& see1=1	& see2=0],0)=l, A([ax=7	& ay=5	& clk=0	& crash=0	& goal=0	& see1=1	& see2=0],0)=l, A([ax=7	& ay=4	& clk=0	& crash=0	& goal=0	& see1=0	& see2=1],0)=l, A([ax=4	& ay=3	& clk=0	& crash=0	& goal=0	& see1=1	& see2=0],0)=l, A([ax=7	& ay=8	& clk=0	& crash=0	& goal=0	& see1=0	& see2=1],0)=l, A([ax=3	& ay=1	& clk=0	& crash=0	& goal=0	& see1=0	& see2=1],0)=l, A([ax=3	& ay=6	& clk=0	& crash=0	& goal=0	& see1=1	& see2=0],0)=l, A([ax=1	& ay=4	& clk=0	& crash=0	& goal=0	& see1=1	& see2=0],0)=l, A([ax=7	& ay=1	& clk=0	& crash=0	& goal=0	& see1=1	& see2=0],0)=l, A([ax=7	& ay=1	& clk=0	& crash=0	& goal=0	& see1=1	& see2=0],1)=l, A([ax=6	& ay=2	& clk=0	& crash=0	& goal=0	& see1=0	& see2=1],0)=l, A([ax=5	& ay=6	& clk=0	& crash=0	& goal=0	& see1=1	& see2=0],0)=l, A([ax=1	& ay=4	& clk=0	& crash=0	& goal=0	& see1=0	& see2=1],0)=l, A([ax=1	& ay=3	& clk=0	& crash=0	& goal=0	& see1=0	& see2=1],0)=l, A([ax=2	& ay=7	& clk=0	& crash=0	& goal=0	& see1=1	& see2=0],0)=l, A([ax=6	& ay=8	& clk=0	& crash=0	& goal=0	& see1=0	& see2=1],0)=l, A([ax=2	& ay=8	& clk=0	& crash=0	& goal=0	& see1=0	& see2=1],0)=l, A([ax=7	& ay=7	& clk=0	& crash=0	& goal=0	& see1=1	& see2=1],0)=l, A([ax=2	& ay=8	& clk=0	& crash=0	& goal=0	& see1=1	& see2=0],0)=l, M([ax=7	& ay=1	& clk=1	& crash=0	& goal=0	& see1=0	& see2=1],0)=0, A([ax=3	& ay=8	& clk=0	& crash=0	& goal=0	& see1=0	& see2=1],0)=l, A([ax=1	& ay=6	& clk=0	& crash=0	& goal=0	& see1=1	& see2=0],0)=l, A([ax=2	& ay=6	& clk=0	& crash=0	& goal=0	& see1=1	& see2=0],0)=l, A([ax=3	& ay=1	& clk=0	& crash=0	& goal=0	& see1=1	& see2=0],0)=l, A([ax=4	& ay=4	& clk=0	& crash=0	& goal=0	& see1=1	& see2=1],0)=l, A([ax=2	& ay=1	& clk=0	& crash=0	& goal=0	& see1=1	& see2=0],0)=l, A([ax=6	& ay=1	& clk=0	& crash=0	& goal=0	& see1=1	& see2=0],0)=l, A([ax=6	& ay=1	& clk=0	& crash=0	& goal=0	& see1=1	& see2=0],1)=l, A([ax=1	& ay=5	& clk=0	& crash=0	& goal=0	& see1=0	& see2=1],0)=l, A([ax=7	& ay=3	& clk=0	& crash=0	& goal=0	& see1=1	& see2=0],0)=l, M([ax=6	& ay=1	& clk=1	& crash=0	& goal=0	& see1=1	& see2=0],0)=0, A([ax=7	& ay=8	& clk=0	& crash=0	& goal=0	& see1=1	& see2=0],0)=l, A([ax=8	& ay=4	& clk=0	& crash=0	& goal=0	& see1=0	& see2=1],0)=l, A([ax=7	& ay=2	& clk=0	& crash=0	& goal=0	& see1=1	& see2=0],0)=l, A([ax=4	& ay=6	& clk=0	& crash=0	& goal=0	& see1=0	& see2=1],0)=l, A([ax=8	& ay=6	& clk=0	& crash=0	& goal=0	& see1=1	& see2=0],0)=l, A([ax=7	& ay=2	& clk=0	& crash=0	& goal=0	& see1=1	& see2=1],0)=l, A([ax=4	& ay=3	& clk=0	& crash=0	& goal=0	& see1=1	& see2=1],0)=l, A([ax=3	& ay=6	& clk=0	& crash=0	& goal=0	& see1=0	& see2=1],0)=l, A([ax=1	& ay=1	& clk=0	& crash=0	& goal=0	& see1=0	& see2=1],0)=l, A([ax=3	& ay=4	& clk=0	& crash=0	& goal=0	& see1=1	& see2=1],0)=l, A([ax=5	& ay=3	& clk=0	& crash=0	& goal=0	& see1=1	& see2=0],0)=l, A([ax=1	& ay=6	& clk=0	& crash=0	& goal=0	& see1=0	& see2=1],0)=l, A([ax=4	& ay=1	& clk=0	& crash=0	& goal=0	& see1=1	& see2=0],0)=l, A([ax=7	& ay=2	& clk=0	& crash=0	& goal=0	& see1=0	& see2=1],0)=l, A([ax=7	& ay=1	& clk=0	& crash=0	& goal=0	& see1=0	& see2=1],0)=l, A([ax=8	& ay=2	& clk=0	& crash=0	& goal=0	& see1=1	& see2=0],0)=l, A([ax=8	& ay=1	& clk=0	& crash=0	& goal=0	& see1=1	& see2=0],0)=l, A([ax=8	& ay=1	& clk=0	& crash=0	& goal=0	& see1=1	& see2=0],1)=l, A([ax=3	& ay=5	& clk=0	& crash=0	& goal=0	& see1=1	& see2=1],0)=l, A([ax=6	& ay=5	& clk=0	& crash=0	& goal=0	& see1=1	& see2=1],0)=l, A([ax=8	& ay=6	& clk=0	& crash=0	& goal=0	& see1=1	& see2=1],0)=l, A([ax=3	& ay=2	& clk=0	& crash=0	& goal=0	& see1=1	& see2=0],0)=l, A([ax=6	& ay=4	& clk=0	& crash=0	& goal=0	& see1=1	& see2=1],0)=l, A([ax=8	& ay=5	& clk=0	& crash=0	& goal=0	& see1=1	& see2=0],0)=l, A([ax=4	& ay=7	& clk=0	& crash=0	& goal=0	& see1=1	& see2=1],0)=l, A([ax=4	& ay=6	& clk=0	& crash=0	& goal=0	& see1=1	& see2=1],0)=l, A([ax=6	& ay=8	& clk=0	& crash=0	& goal=0	& see1=1	& see2=1],0)=l, A([ax=1	& ay=8	& clk=0	& crash=0	& goal=0	& see1=1	& see2=0],0)=l, A([ax=8	& ay=6	& clk=0	& crash=0	& goal=0	& see1=0	& see2=1],0)=l, A([ax=7	& ay=3	& clk=0	& crash=0	& goal=0	& see1=0	& see2=1],0)=l, A([ax=1	& ay=1	& clk=0	& crash=0	& goal=0	& see1=1	& see2=0],0)=l, A([ax=1	& ay=5	& clk=0	& crash=0	& goal=0	& see1=1	& see2=0],0)=l, A([ax=5	& ay=4	& clk=0	& crash=0	& goal=0	& see1=1	& see2=1],0)=l, A([ax=6	& ay=3	& clk=0	& crash=0	& goal=0	& see1=1	& see2=1],0)=l, A([ax=4	& ay=5	& clk=0	& crash=0	& goal=0	& see1=1	& see2=1],0)=l, A([ax=1	& ay=2	& clk=0	& crash=0	& goal=0	& see1=1	& see2=1],0)=l, A([ax=2	& ay=2	& clk=0	& crash=0	& goal=0	& see1=1	& see2=1],0)=l, A([ax=6	& ay=7	& clk=0	& crash=0	& goal=0	& see1=1	& see2=1],0)=l, A([ax=8	& ay=3	& clk=0	& crash=0	& goal=0	& see1=1	& see2=1],0)=l, A([ax=8	& ay=3	& clk=0	& crash=0	& goal=0	& see1=1	& see2=0],0)=l, A([ax=1	& ay=6	& clk=0	& crash=0	& goal=0	& see1=1	& see2=1],0)=l, A([ax=5	& ay=1	& clk=0	& crash=0	& goal=0	& see1=1	& see2=1],0)=l, A([ax=3	& ay=6	& clk=0	& crash=0	& goal=0	& see1=1	& see2=1],0)=l, A([ax=8	& ay=1	& clk=0	& crash=0	& goal=0	& see1=0	& see2=1],0)=l, A([ax=8	& ay=1	& clk=0	& crash=0	& goal=0	& see1=0	& see2=1],1)=l, A([ax=8	& ay=5	& clk=0	& crash=0	& goal=0	& see1=1	& see2=1],0)=l, A([ax=2	& ay=7	& clk=0	& crash=0	& goal=0	& see1=1	& see2=1],0)=l, A([ax=2	& ay=8	& clk=0	& crash=0	& goal=0	& see1=1	& see2=1],0)=l, A([ax=1	& ay=3	& clk=0	& crash=0	& goal=0	& see1=1	& see2=1],0)=l, A([ax=2	& ay=3	& clk=0	& crash=0	& goal=0	& see1=1	& see2=1],0)=l, A([ax=3	& ay=7	& clk=0	& crash=0	& goal=0	& see1=1	& see2=1],0)=l, A([ax=3	& ay=2	& clk=0	& crash=0	& goal=0	& see1=1	& see2=1],0)=l, A([ax=7	& ay=1	& clk=0	& crash=0	& goal=0	& see1=1	& see2=1],0)=l, A([ax=7	& ay=1	& clk=0	& crash=0	& goal=0	& see1=1	& see2=1],1)=l, A([ax=7	& ay=1	& clk=0	& crash=0	& goal=0	& see1=1	& see2=1],2)=l, A([ax=1	& ay=5	& clk=0	& crash=0	& goal=0	& see1=1	& see2=1],0)=l, A([ax=8	& ay=4	& clk=0	& crash=0	& goal=0	& see1=1	& see2=1],0)=l, A([ax=1	& ay=7	& clk=0	& crash=0	& goal=0	& see1=1	& see2=1],0)=l, M([ax=7	& ay=1	& clk=1	& crash=0	& goal=0	& see1=1	& see2=1],0)=0, A([ax=7	& ay=4	& clk=0	& crash=0	& goal=0	& see1=1	& see2=1],0)=l, M([ax=8	& ay=1	& clk=1	& crash=0	& goal=0	& see1=1	& see2=1],0)=0, A([ax=3	& ay=3	& clk=0	& crash=0	& goal=0	& see1=1	& see2=1],0)=l, A([ax=1	& ay=4	& clk=0	& crash=0	& goal=0	& see1=1	& see2=1],0)=l, M([ax=6	& ay=1	& clk=1	& crash=0	& goal=0	& see1=1	& see2=1],0)=0, A([ax=6	& ay=2	& clk=0	& crash=0	& goal=0	& see1=1	& see2=1],0)=l, A([ax=2	& ay=1	& clk=0	& crash=0	& goal=0	& see1=1	& see2=1],0)=l, A([ax=8	& ay=7	& clk=0	& crash=0	& goal=0	& see1=1	& see2=1],0)=l, A([ax=3	& ay=1	& clk=0	& crash=0	& goal=0	& see1=1	& see2=1],0)=l, A([ax=8	& ay=1	& clk=0	& crash=0	& goal=0	& see1=1	& see2=1],0)=l, A([ax=8	& ay=1	& clk=0	& crash=0	& goal=0	& see1=1	& see2=1],1)=l, A([ax=5	& ay=8	& clk=0	& crash=0	& goal=0	& see1=1	& see2=1],0)=l, A([ax=8	& ay=2	& clk=0	& crash=0	& goal=0	& see1=1	& see2=1],0)=l, A([ax=1	& ay=1	& clk=0	& crash=0	& goal=0	& see1=1	& see2=1],0)=l, A([ax=4	& ay=8	& clk=0	& crash=0	& goal=0	& see1=1	& see2=1],0)=l, A([ax=3	& ay=8	& clk=0	& crash=0	& goal=0	& see1=1	& see2=1],0)=l, M([ax=5	& ay=1	& clk=1	& crash=0	& goal=0	& see1=1	& see2=1],0)=0, A([ax=7	& ay=8	& clk=0	& crash=0	& goal=0	& see1=1	& see2=1],0)=l, A([ax=6	& ay=1	& clk=0	& crash=0	& goal=0	& see1=1	& see2=1],0)=l, A([ax=1	& ay=8	& clk=0	& crash=0	& goal=0	& see1=1	& see2=1],0)=l
2024-07-16 13:30:49,767 - synthesizer.py - double-checking specification satisfiability:  : 0.0
--------------------
Synthesis summary:
optimality objective: Pmax=? [F "goal"] 

method: AR, synthesis time: 572.02 s
number of holes: 280, family size: 1e190, quotient: 538245 states / 1634467 actions
explored: 0 %
MDP stats: avg MDP size: 408468, iterations: 3

optimum: 0.0
--------------------
2024-07-16 13:36:50,276 - storm_pomdp_control.py - Storm POMDP analysis completed

------------------------------------

PAYNT results: 
0.0
controller size: 1802

Storm results: 
0.4059862792705347
controller size: 40775

------------------------------------

