2024-07-16 13:47:40,062 - cli.py - This is Paynt version 0.1.0.
2024-07-16 13:47:40,062 - sketch.py - loading sketch from rl_src/models_large/maze-10/sketch.templ ...
2024-07-16 13:47:40,062 - sketch.py - assuming sketch in PRISM format...
2024-07-16 13:47:40,070 - prism_parser.py - PRISM model type: POMDP
2024-07-16 13:47:40,070 - prism_parser.py - loading properties from rl_src/models_large/maze-10/sketch.props ...
2024-07-16 13:47:40,070 - prism_parser.py - found the following specification: optimality: R{"rew"}max=? [F "goal"] 
2024-07-16 13:47:40,276 - sketch.py - sketch parsing OK
2024-07-16 13:47:40,276 - sketch.py - constructed explicit quotient having 4805 states and 19049 actions
2024-07-16 13:47:40,276 - sketch.py - found the following specification optimality: R{"rew"}max=? [F "goal"] 
2024-07-16 13:47:40,281 - pomdp.py - constructed POMDP having 22 observations.
2024-07-16 13:47:40,283 - pomdp.py - unfolding 1-FSC template into POMDP...
2024-07-16 13:47:40,289 - pomdp.py - constructed quotient MDP having 4805 states and 19049 actions.
2024-07-16 13:47:41,091 - tpu_cluster_resolver.py - Falling back to TensorFlow client; we recommended you install the Cloud TPU client directly with pip install cloud-tpu-client.
2024-07-16 13:47:41,362 - __init__.py - Creating converter from 7 to 5
2024-07-16 13:47:41,362 - __init__.py - Creating converter from 5 to 7
2024-07-16 13:47:41,362 - __init__.py - Creating converter from 7 to 5
2024-07-16 13:47:41,362 - __init__.py - Creating converter from 5 to 7
2024-07-16 13:47:42,636 - synthesizer_pomdp.py - Storm POMDP option enabled
2024-07-16 13:47:42,636 - synthesizer_pomdp.py - Storm settings: iterative - (600, 30, 5), get_storm_result - None, storm_options - cutoff, prune_storm - False, unfold_strategy - (True, False), use_storm_cutoffs - False
2024-07-16 13:47:42,636 - synthesizer.py - synthesis initiated, design space: 1e12
2024-07-16 13:47:42,637 - synthesizer_pomdp.py - Timeout for PAYNT started
> progress 0.0%, elapsed 3 s, estimated 3467260 s (40 days), iters = {MDP: 6}
> progress 0.0%, elapsed 6 s, estimated 6757964 s (78 days), iters = {MDP: 8}
> progress 0.0%, elapsed 11 s, estimated 11770048 s (136 days), iters = {MDP: 10}
> progress 0.0%, elapsed 16 s, estimated 16500542 s (190 days), iters = {MDP: 12}
> progress 0.0%, elapsed 21 s, estimated 21254741 s (246 days), iters = {MDP: 14}
> progress 0.0%, elapsed 24 s, estimated 24857037 s (287 days), iters = {MDP: 17}
> progress 0.0%, elapsed 28 s, estimated 28313818 s (327 days), iters = {MDP: 20}
-----------PAYNT-----------                     
Value = 4.059582211008662 | Time elapsed = 29.8s | FSC size = 44

2024-07-16 13:48:13,281 - synthesizer_ar_storm.py - Pausing synthesis
2024-07-16 13:48:13,374 - storm_pomdp_control.py - Interactive Storm started
2024-07-16 13:48:13,375 - storm_pomdp_control.py - starting Storm POMDP analysis
2024-07-16 13:48:19,378 - storm_pomdp_control.py - Pausing Storm
Finished exploring under-approximation MDP.
Start analysis...
-----------Storm-----------               
Value = 8.593825787798671 | Time elapsed = 52.8s | FSC size = 2024


------------------------------------

PAYNT results: 
4.059582211008662
controller size: 44

Storm results: 
8.593825787798671
controller size: 2024

------------------------------------

2024-07-16 13:48:35,479 - synthesizer_pomdp.py - Timeout for PAYNT started
2024-07-16 13:48:36,305 - synthesizer_ar_storm.py - Resuming synthesis
2024-07-16 13:48:36,305 - synthesizer_ar_storm.py - Additional memory needed
2024-07-16 13:48:36,305 - synthesizer.py - synthesis finished, printing synthesized assignment below:
2024-07-16 13:48:36,305 - synthesizer.py - A([at0=0	& at1=0	& at2=0	& at3=0	& at4=0	& at5=0	& at6=0	& at7=0	& at8=0	& at9=0	& d=0	& goal=0	& l=1	& r=0	& u=1],0)=l, A([at0=0	& at1=0	& at2=0	& at3=0	& at4=0	& at5=0	& at6=0	& at7=0	& at8=0	& at9=0	& d=0	& goal=0	& l=1	& r=1	& u=0],0)=l, A([at0=0	& at1=0	& at2=0	& at3=0	& at4=0	& at5=0	& at6=0	& at7=0	& at8=0	& at9=0	& d=1	& goal=0	& l=0	& r=1	& u=1],0)=d, A([at0=0	& at1=0	& at2=0	& at3=0	& at4=0	& at5=0	& at6=0	& at7=1	& at8=0	& at9=0	& d=1	& goal=0	& l=1	& r=1	& u=0],0)=d, A([at0=0	& at1=0	& at2=0	& at3=0	& at4=0	& at5=0	& at6=0	& at7=0	& at8=0	& at9=0	& d=1	& goal=0	& l=0	& r=1	& u=0],0)=r, A([at0=0	& at1=0	& at2=0	& at3=0	& at4=0	& at5=0	& at6=0	& at7=0	& at8=0	& at9=0	& d=1	& goal=0	& l=0	& r=0	& u=1],0)=d, A([at0=0	& at1=0	& at2=0	& at3=0	& at4=0	& at5=0	& at6=0	& at7=0	& at8=0	& at9=0	& d=0	& goal=0	& l=0	& r=1	& u=1],0)=r, A([at0=0	& at1=0	& at2=0	& at3=0	& at4=0	& at5=0	& at6=0	& at7=0	& at8=0	& at9=0	& d=1	& goal=0	& l=1	& r=0	& u=0],0)=l, A([at0=0	& at1=0	& at2=0	& at3=0	& at4=0	& at5=0	& at6=0	& at7=0	& at8=1	& at9=0	& d=1	& goal=0	& l=0	& r=0	& u=1],0)=d, A([at0=0	& at1=1	& at2=0	& at3=0	& at4=0	& at5=0	& at6=0	& at7=0	& at8=0	& at9=0	& d=1	& goal=0	& l=1	& r=1	& u=0],0)=l, A([at0=0	& at1=0	& at2=0	& at3=1	& at4=0	& at5=0	& at6=0	& at7=0	& at8=0	& at9=0	& d=0	& goal=0	& l=1	& r=0	& u=0],0)=l, A([at0=0	& at1=0	& at2=1	& at3=0	& at4=0	& at5=0	& at6=0	& at7=0	& at8=0	& at9=0	& d=1	& goal=0	& l=0	& r=1	& u=0],0)=d, A([at0=0	& at1=0	& at2=0	& at3=0	& at4=0	& at5=0	& at6=0	& at7=0	& at8=0	& at9=0	& d=0	& goal=0	& l=0	& r=0	& u=1],0)=u, A([at0=0	& at1=0	& at2=0	& at3=0	& at4=0	& at5=1	& at6=0	& at7=0	& at8=0	& at9=0	& d=1	& goal=0	& l=1	& r=0	& u=0],0)=l, A([at0=0	& at1=0	& at2=0	& at3=0	& at4=0	& at5=0	& at6=0	& at7=0	& at8=0	& at9=0	& d=0	& goal=0	& l=1	& r=1	& u=1],0)=l, A([at0=0	& at1=0	& at2=0	& at3=0	& at4=1	& at5=0	& at6=0	& at7=0	& at8=0	& at9=0	& d=1	& goal=0	& l=1	& r=1	& u=1],0)=d, A([at0=0	& at1=0	& at2=0	& at3=0	& at4=0	& at5=0	& at6=0	& at7=0	& at8=0	& at9=0	& d=1	& goal=0	& l=1	& r=1	& u=0],0)=l, A([at0=0	& at1=0	& at2=0	& at3=0	& at4=0	& at5=0	& at6=0	& at7=0	& at8=0	& at9=0	& d=0	& goal=0	& l=0	& r=1	& u=0],0)=r, A([at0=0	& at1=0	& at2=0	& at3=0	& at4=0	& at5=0	& at6=0	& at7=0	& at8=0	& at9=1	& d=0	& goal=0	& l=1	& r=1	& u=0],0)=r, A([at0=0	& at1=0	& at2=0	& at3=0	& at4=0	& at5=0	& at6=0	& at7=0	& at8=0	& at9=0	& d=1	& goal=0	& l=1	& r=0	& u=1],0)=l, A([at0=1	& at1=0	& at2=0	& at3=0	& at4=0	& at5=0	& at6=0	& at7=0	& at8=0	& at9=0	& d=0	& goal=0	& l=1	& r=1	& u=0],0)=r
2024-07-16 13:48:36,367 - synthesizer.py - double-checking specification satisfiability:  : 4.059582211008662
--------------------
Synthesis summary:
optimality objective: R{"rew"}max=? [F "goal"] 

method: AR, synthesis time: 30.64 s
number of holes: 21, family size: 1e12, quotient: 4805 states / 19049 actions
explored: 0 %
MDP stats: avg MDP size: 4805, iterations: 23

optimum: 4.059582
--------------------
2024-07-16 13:48:36,686 - synthesizer_pomdp.py - Added memory nodes for observation based on Storm data
2024-07-16 13:48:36,687 - pomdp.py - unfolding 3-FSC template into POMDP...
2024-07-16 13:48:36,822 - pomdp.py - constructed quotient MDP having 11347 states and 132881 actions.
2024-07-16 13:48:37,007 - storm_pomdp_control.py - Main family based on data from Storm: reduced design space from 1e48 to 1e37
2024-07-16 13:48:37,009 - synthesizer.py - synthesis initiated, design space: 1e48
> progress 0.0%, elapsed 4 s, estimated 4556906 s (52 days), iters = {MDP: 3}, opt = 4.06
> progress 0.0%, elapsed 8 s, estimated 8296364 s (96 days), iters = {MDP: 5}, opt = 4.06
> progress 0.0%, elapsed 12 s, estimated 12137587 s (140 days), iters = {MDP: 7}, opt = 4.06
> progress 0.0%, elapsed 17 s, estimated 17168544 s (198 days), iters = {MDP: 8}, opt = 4.06
> progress 0.0%, elapsed 22 s, estimated 22038687 s (255 days), iters = {MDP: 9}, opt = 4.06
> progress 0.0%, elapsed 27 s, estimated 27308526 s (316 days), iters = {MDP: 10}, opt = 4.06
2024-07-16 13:49:09,728 - synthesizer_ar_storm.py - Pausing synthesis
2024-07-16 13:49:09,795 - storm_pomdp_control.py - Interactive Storm resumed
2024-07-16 13:49:09,795 - storm_pomdp_control.py - Updating FSC values in Storm
2024-07-16 13:49:15,802 - storm_pomdp_control.py - Pausing Storm
Finished exploring under-approximation MDP.
Start analysis...
-----------Storm-----------               
Value = 8.593825787815387 | Time elapsed = 116.2s | FSC size = 2024


------------------------------------

PAYNT results: 
4.059582211008662
controller size: 44

Storm results: 
8.593825787815387
controller size: 2024

------------------------------------

2024-07-16 13:49:38,914 - synthesizer_pomdp.py - Timeout for PAYNT started
2024-07-16 13:49:39,759 - synthesizer_ar_storm.py - Resuming synthesis
2024-07-16 13:49:39,759 - synthesizer_ar_storm.py - Applying family split according to Storm results
2024-07-16 13:49:39,759 - storm_pomdp_control.py - Main family based on data from Storm: reduced design space from 1e37 to 1e37
2024-07-16 13:49:39,759 - storm_pomdp_control.py - Main family based on data from Storm: reduced design space from 1e37 to 1e37
2024-07-16 13:49:39,760 - storm_pomdp_control.py - Main family based on data from Storm: reduced design space from 1e36 to 1e36
2024-07-16 13:49:39,760 - storm_pomdp_control.py - Main family based on data from Storm: reduced design space from 1e36 to 1e36
2024-07-16 13:49:39,760 - storm_pomdp_control.py - Main family based on data from Storm: reduced design space from 1e36 to 1e36
2024-07-16 13:49:39,761 - storm_pomdp_control.py - Main family based on data from Storm: reduced design space from 1e35 to 1e35
2024-07-16 13:49:39,761 - storm_pomdp_control.py - Main family based on data from Storm: reduced design space from 1e35 to 1e35
2024-07-16 13:49:39,761 - storm_pomdp_control.py - Main family based on data from Storm: reduced design space from 1e35 to 1e35
2024-07-16 13:49:39,762 - storm_pomdp_control.py - Main family based on data from Storm: reduced design space from 1e35 to 1e35
2024-07-16 13:49:39,762 - storm_pomdp_control.py - Main family based on data from Storm: reduced design space from 1e35 to 1e35
2024-07-16 13:49:39,762 - storm_pomdp_control.py - Main family based on data from Storm: reduced design space from 1e34 to 1e34
2024-07-16 13:49:39,763 - storm_pomdp_control.py - Main family based on data from Storm: reduced design space from 1e34 to 1e34
2024-07-16 13:49:39,763 - storm_pomdp_control.py - Main family based on data from Storm: reduced design space from 1e34 to 1e34
2024-07-16 13:49:39,763 - storm_pomdp_control.py - Main family based on data from Storm: reduced design space from 1e34 to 1e34
2024-07-16 13:49:39,763 - storm_pomdp_control.py - Main family based on data from Storm: reduced design space from 1e34 to 1e34
2024-07-16 13:49:39,764 - synthesizer_ar_storm.py - State after Storm splitting: Main families - 15, Subfamilies - 0
> progress 0.0%, elapsed 32 s, estimated 32739223 s (1 year), iters = {MDP: 11}, opt = 4.06
> progress 0.0%, elapsed 37 s, estimated 37944535 s (1 year), iters = {MDP: 12}, opt = 4.06
> progress 0.0%, elapsed 43 s, estimated 43167498 s (1 year), iters = {MDP: 13}, opt = 4.06
> progress 0.0%, elapsed 50 s, estimated 50255695 s (1 year), iters = {MDP: 14}, opt = 4.06
> progress 0.0%, elapsed 57 s, estimated 57251477 s (1 year), iters = {MDP: 15}, opt = 4.06
2024-07-16 13:50:11,285 - synthesizer_ar_storm.py - Pausing synthesis
2024-07-16 13:50:11,354 - storm_pomdp_control.py - Interactive Storm resumed
2024-07-16 13:50:11,354 - storm_pomdp_control.py - Updating FSC values in Storm
2024-07-16 13:50:17,358 - storm_pomdp_control.py - Pausing Storm
Finished exploring under-approximation MDP.
Start analysis...
-----------Storm-----------               
Value = 8.59383179981108 | Time elapsed = 181.8s | FSC size = 2343


------------------------------------

PAYNT results: 
4.059582211008662
controller size: 44

Storm results: 
8.59383179981108
controller size: 2343

------------------------------------

2024-07-16 13:50:44,470 - synthesizer_pomdp.py - Timeout for PAYNT started
2024-07-16 13:50:45,319 - synthesizer_ar_storm.py - Resuming synthesis
2024-07-16 13:50:45,319 - synthesizer_ar_storm.py - Additional memory needed
2024-07-16 13:50:45,319 - synthesizer.py - synthesis finished, printing synthesized assignment below:
2024-07-16 13:50:45,319 - synthesizer.py - None
--------------------
Synthesis summary:
optimality objective: R{"rew"}max=? [F "goal"] 

method: AR, synthesis time: 64.24 s
number of holes: 92, family size: 1e48, quotient: 11347 states / 132881 actions
explored: 0 %
MDP stats: avg MDP size: 11347, iterations: 15

optimum: 4.059582
--------------------
2024-07-16 13:50:45,320 - synthesizer_pomdp.py - Added memory nodes for observation based on Storm data
2024-07-16 13:50:45,327 - pomdp.py - unfolding 3-FSC template into POMDP...
2024-07-16 13:50:45,483 - pomdp.py - constructed quotient MDP having 11513 states and 134233 actions.
2024-07-16 13:50:45,667 - storm_pomdp_control.py - Main family based on data from Storm: reduced design space from 1e50 to 1e39
2024-07-16 13:50:45,669 - synthesizer.py - synthesis initiated, design space: 1e50
> progress 0.0%, elapsed 4 s, estimated 4535139 s (52 days), iters = {MDP: 3}, opt = 4.06
> progress 0.0%, elapsed 9 s, estimated 9045196 s (104 days), iters = {MDP: 5}, opt = 4.06
> progress 0.0%, elapsed 13 s, estimated 13418088 s (155 days), iters = {MDP: 7}, opt = 4.06
> progress 0.0%, elapsed 17 s, estimated 17922582 s (207 days), iters = {MDP: 10}, opt = 4.06
> progress 0.0%, elapsed 21 s, estimated 21020855 s (243 days), iters = {MDP: 12}, opt = 4.06
> progress 0.0%, elapsed 26 s, estimated 26084735 s (301 days), iters = {MDP: 13}, opt = 4.06
2024-07-16 13:51:16,688 - synthesizer_ar_storm.py - Pausing synthesis
2024-07-16 13:51:16,754 - storm_pomdp_control.py - Interactive Storm resumed
2024-07-16 13:51:16,754 - storm_pomdp_control.py - Updating FSC values in Storm
2024-07-16 13:51:22,761 - storm_pomdp_control.py - Pausing Storm
Finished exploring under-approximation MDP.
Start analysis...
-----------Storm-----------               
Value = 8.59383179981108 | Time elapsed = 250.2s | FSC size = 2343


------------------------------------

PAYNT results: 
4.059582211008662
controller size: 44

Storm results: 
8.59383179981108
controller size: 2343

------------------------------------

2024-07-16 13:51:52,876 - synthesizer_pomdp.py - Timeout for PAYNT started
2024-07-16 13:51:53,726 - synthesizer_ar_storm.py - Resuming synthesis
2024-07-16 13:51:53,726 - synthesizer_ar_storm.py - Applying family split according to Storm results
2024-07-16 13:51:53,726 - storm_pomdp_control.py - Main family based on data from Storm: reduced design space from 1e39 to 1e39
2024-07-16 13:51:53,726 - storm_pomdp_control.py - Main family based on data from Storm: reduced design space from 1e39 to 1e39
2024-07-16 13:51:53,727 - storm_pomdp_control.py - Main family based on data from Storm: reduced design space from 1e38 to 1e38
2024-07-16 13:51:53,727 - storm_pomdp_control.py - Main family based on data from Storm: reduced design space from 1e38 to 1e38
2024-07-16 13:51:53,727 - storm_pomdp_control.py - Main family based on data from Storm: reduced design space from 1e38 to 1e38
2024-07-16 13:51:53,728 - storm_pomdp_control.py - Main family based on data from Storm: reduced design space from 1e38 to 1e38
2024-07-16 13:51:53,728 - storm_pomdp_control.py - Main family based on data from Storm: reduced design space from 1e37 to 1e37
2024-07-16 13:51:53,728 - storm_pomdp_control.py - Main family based on data from Storm: reduced design space from 1e37 to 1e37
2024-07-16 13:51:53,729 - storm_pomdp_control.py - Main family based on data from Storm: reduced design space from 1e37 to 1e37
2024-07-16 13:51:53,729 - storm_pomdp_control.py - Main family based on data from Storm: reduced design space from 1e37 to 1e37
2024-07-16 13:51:53,729 - storm_pomdp_control.py - Main family based on data from Storm: reduced design space from 1e36 to 1e36
2024-07-16 13:51:53,730 - storm_pomdp_control.py - Main family based on data from Storm: reduced design space from 1e36 to 1e36
2024-07-16 13:51:53,730 - storm_pomdp_control.py - Main family based on data from Storm: reduced design space from 1e36 to 1e36
2024-07-16 13:51:53,730 - storm_pomdp_control.py - Main family based on data from Storm: reduced design space from 1e35 to 1e35
2024-07-16 13:51:53,731 - storm_pomdp_control.py - Main family based on data from Storm: reduced design space from 1e35 to 1e35
2024-07-16 13:51:53,731 - storm_pomdp_control.py - Main family based on data from Storm: reduced design space from 1e35 to 1e35
2024-07-16 13:51:53,731 - storm_pomdp_control.py - Main family based on data from Storm: reduced design space from 1e35 to 1e35
2024-07-16 13:51:53,731 - storm_pomdp_control.py - Main family based on data from Storm: reduced design space from 1e34 to 1e34
2024-07-16 13:51:53,732 - storm_pomdp_control.py - Main family based on data from Storm: reduced design space from 1e34 to 1e34
2024-07-16 13:51:53,732 - storm_pomdp_control.py - Main family based on data from Storm: reduced design space from 1e34 to 1e34
2024-07-16 13:51:53,732 - storm_pomdp_control.py - Main family based on data from Storm: reduced design space from 1e34 to 1e34
2024-07-16 13:51:53,733 - storm_pomdp_control.py - Main family based on data from Storm: reduced design space from 1e34 to 1e34
2024-07-16 13:51:53,733 - storm_pomdp_control.py - Main family based on data from Storm: reduced design space from 1e34 to 1e34
2024-07-16 13:51:53,733 - synthesizer_ar_storm.py - State after Storm splitting: Main families - 23, Subfamilies - 0
> progress 0.0%, elapsed 31 s, estimated 31038493 s (359 days), iters = {MDP: 14}, opt = 4.06
> progress 0.0%, elapsed 37 s, estimated 37623279 s (1 year), iters = {MDP: 15}, opt = 4.06
> progress 0.0%, elapsed 43 s, estimated 43816795 s (1 year), iters = {MDP: 16}, opt = 4.06
> progress 0.0%, elapsed 49 s, estimated 49989547 s (1 year), iters = {MDP: 17}, opt = 4.06
> progress 0.0%, elapsed 56 s, estimated 56551902 s (1 year), iters = {MDP: 18}, opt = 4.06
2024-07-16 13:52:25,406 - synthesizer_ar_storm.py - Pausing synthesis
2024-07-16 13:52:25,474 - storm_pomdp_control.py - Interactive Storm resumed
2024-07-16 13:52:25,474 - storm_pomdp_control.py - Updating FSC values in Storm
2024-07-16 13:52:31,478 - storm_pomdp_control.py - Pausing Storm
Finished exploring under-approximation MDP.
Start analysis...
-----------Storm-----------               
Value = 8.59383179981108 | Time elapsed = 321.9s | FSC size = 2343


------------------------------------

PAYNT results: 
4.059582211008662
controller size: 44

Storm results: 
8.59383179981108
controller size: 2343

------------------------------------

2024-07-16 13:53:04,590 - synthesizer_pomdp.py - Timeout for PAYNT started
2024-07-16 13:53:05,447 - synthesizer_ar_storm.py - Resuming synthesis
2024-07-16 13:53:05,447 - synthesizer_ar_storm.py - Applying family split according to Storm results
2024-07-16 13:53:05,447 - storm_pomdp_control.py - Main family based on data from Storm: reduced design space from 1e39 to 1e39
2024-07-16 13:53:05,448 - storm_pomdp_control.py - Main family based on data from Storm: reduced design space from 1e39 to 1e39
2024-07-16 13:53:05,448 - storm_pomdp_control.py - Main family based on data from Storm: reduced design space from 1e38 to 1e38
2024-07-16 13:53:05,448 - storm_pomdp_control.py - Main family based on data from Storm: reduced design space from 1e38 to 1e38
2024-07-16 13:53:05,449 - storm_pomdp_control.py - Main family based on data from Storm: reduced design space from 1e38 to 1e38
2024-07-16 13:53:05,449 - storm_pomdp_control.py - Main family based on data from Storm: reduced design space from 1e38 to 1e38
2024-07-16 13:53:05,449 - storm_pomdp_control.py - Main family based on data from Storm: reduced design space from 1e37 to 1e37
2024-07-16 13:53:05,450 - storm_pomdp_control.py - Main family based on data from Storm: reduced design space from 1e37 to 1e37
2024-07-16 13:53:05,450 - storm_pomdp_control.py - Main family based on data from Storm: reduced design space from 1e37 to 1e37
2024-07-16 13:53:05,450 - storm_pomdp_control.py - Main family based on data from Storm: reduced design space from 1e37 to 1e37
2024-07-16 13:53:05,451 - storm_pomdp_control.py - Main family based on data from Storm: reduced design space from 1e36 to 1e36
2024-07-16 13:53:05,451 - storm_pomdp_control.py - Main family based on data from Storm: reduced design space from 1e36 to 1e36
2024-07-16 13:53:05,451 - storm_pomdp_control.py - Main family based on data from Storm: reduced design space from 1e36 to 1e36
2024-07-16 13:53:05,451 - storm_pomdp_control.py - Main family based on data from Storm: reduced design space from 1e35 to 1e35
2024-07-16 13:53:05,452 - storm_pomdp_control.py - Main family based on data from Storm: reduced design space from 1e35 to 1e35
2024-07-16 13:53:05,452 - storm_pomdp_control.py - Main family based on data from Storm: reduced design space from 1e35 to 1e35
2024-07-16 13:53:05,452 - storm_pomdp_control.py - Main family based on data from Storm: reduced design space from 1e35 to 1e35
2024-07-16 13:53:05,453 - storm_pomdp_control.py - Main family based on data from Storm: reduced design space from 1e34 to 1e34
2024-07-16 13:53:05,453 - storm_pomdp_control.py - Main family based on data from Storm: reduced design space from 1e34 to 1e34
2024-07-16 13:53:05,453 - storm_pomdp_control.py - Main family based on data from Storm: reduced design space from 1e34 to 1e34
2024-07-16 13:53:05,454 - storm_pomdp_control.py - Main family based on data from Storm: reduced design space from 1e34 to 1e34
2024-07-16 13:53:05,454 - storm_pomdp_control.py - Main family based on data from Storm: reduced design space from 1e34 to 1e34
2024-07-16 13:53:05,454 - storm_pomdp_control.py - Main family based on data from Storm: reduced design space from 1e33 to 1e33
2024-07-16 13:53:05,455 - storm_pomdp_control.py - Main family based on data from Storm: reduced design space from 1e33 to 1e33
2024-07-16 13:53:05,455 - storm_pomdp_control.py - Main family based on data from Storm: reduced design space from 1e33 to 1e33
2024-07-16 13:53:05,455 - storm_pomdp_control.py - Main family based on data from Storm: reduced design space from 1e33 to 1e33
2024-07-16 13:53:05,456 - storm_pomdp_control.py - Main family based on data from Storm: reduced design space from 1e32 to 1e32
2024-07-16 13:53:05,456 - storm_pomdp_control.py - Main family based on data from Storm: reduced design space from 1e32 to 1e32
2024-07-16 13:53:05,456 - storm_pomdp_control.py - Main family based on data from Storm: reduced design space from 1e32 to 1e32
2024-07-16 13:53:05,457 - storm_pomdp_control.py - Main family based on data from Storm: reduced design space from 1e32 to 1e32
2024-07-16 13:53:05,457 - storm_pomdp_control.py - Main family based on data from Storm: reduced design space from 1e31 to 1e31
2024-07-16 13:53:05,457 - storm_pomdp_control.py - Main family based on data from Storm: reduced design space from 1e31 to 1e31
2024-07-16 13:53:05,457 - storm_pomdp_control.py - Main family based on data from Storm: reduced design space from 1e31 to 1e31
2024-07-16 13:53:05,458 - synthesizer_ar_storm.py - State after Storm splitting: Main families - 33, Subfamilies - 0
> progress 0.0%, elapsed 62 s, estimated 62708857 s (1 year), iters = {MDP: 19}, opt = 4.06
> progress 0.0%, elapsed 69 s, estimated 69038735 s (2 years), iters = {MDP: 20}, opt = 4.06
> progress 0.0%, elapsed 75 s, estimated 75930562 s (2 years), iters = {MDP: 21}, opt = 4.06
> progress 0.0%, elapsed 82 s, estimated 82860467 s (2 years), iters = {MDP: 22}, opt = 4.06
> progress 0.0%, elapsed 89 s, estimated 89853835 s (2 years), iters = {MDP: 23}, opt = 4.06
2024-07-16 13:53:39,515 - synthesizer_ar_storm.py - Pausing synthesis
2024-07-16 13:53:39,587 - storm_pomdp_control.py - Interactive Storm resumed
2024-07-16 13:53:39,587 - storm_pomdp_control.py - Updating FSC values in Storm
2024-07-16 13:53:45,594 - storm_pomdp_control.py - Pausing Storm
Finished exploring under-approximation MDP.
Start analysis...
-----------Storm-----------               
Value = 8.59383179981108 | Time elapsed = 398.0s | FSC size = 2343


------------------------------------

PAYNT results: 
4.059582211008662
controller size: 44

Storm results: 
8.59383179981108
controller size: 2343

------------------------------------

2024-07-16 13:54:20,713 - synthesizer_pomdp.py - Timeout for PAYNT started
2024-07-16 13:54:21,558 - synthesizer_ar_storm.py - Resuming synthesis
2024-07-16 13:54:21,559 - synthesizer_ar_storm.py - Applying family split according to Storm results
2024-07-16 13:54:21,559 - storm_pomdp_control.py - Main family based on data from Storm: reduced design space from 1e39 to 1e39
2024-07-16 13:54:21,559 - storm_pomdp_control.py - Main family based on data from Storm: reduced design space from 1e39 to 1e39
2024-07-16 13:54:21,559 - storm_pomdp_control.py - Main family based on data from Storm: reduced design space from 1e38 to 1e38
2024-07-16 13:54:21,560 - storm_pomdp_control.py - Main family based on data from Storm: reduced design space from 1e38 to 1e38
2024-07-16 13:54:21,560 - storm_pomdp_control.py - Main family based on data from Storm: reduced design space from 1e38 to 1e38
2024-07-16 13:54:21,560 - storm_pomdp_control.py - Main family based on data from Storm: reduced design space from 1e38 to 1e38
2024-07-16 13:54:21,561 - storm_pomdp_control.py - Main family based on data from Storm: reduced design space from 1e37 to 1e37
2024-07-16 13:54:21,561 - storm_pomdp_control.py - Main family based on data from Storm: reduced design space from 1e37 to 1e37
2024-07-16 13:54:21,561 - storm_pomdp_control.py - Main family based on data from Storm: reduced design space from 1e37 to 1e37
2024-07-16 13:54:21,562 - storm_pomdp_control.py - Main family based on data from Storm: reduced design space from 1e37 to 1e37
2024-07-16 13:54:21,562 - storm_pomdp_control.py - Main family based on data from Storm: reduced design space from 1e36 to 1e36
2024-07-16 13:54:21,562 - storm_pomdp_control.py - Main family based on data from Storm: reduced design space from 1e36 to 1e36
2024-07-16 13:54:21,563 - storm_pomdp_control.py - Main family based on data from Storm: reduced design space from 1e36 to 1e36
2024-07-16 13:54:21,563 - storm_pomdp_control.py - Main family based on data from Storm: reduced design space from 1e35 to 1e35
2024-07-16 13:54:21,563 - storm_pomdp_control.py - Main family based on data from Storm: reduced design space from 1e35 to 1e35
2024-07-16 13:54:21,564 - storm_pomdp_control.py - Main family based on data from Storm: reduced design space from 1e35 to 1e35
2024-07-16 13:54:21,564 - storm_pomdp_control.py - Main family based on data from Storm: reduced design space from 1e35 to 1e35
2024-07-16 13:54:21,564 - storm_pomdp_control.py - Main family based on data from Storm: reduced design space from 1e34 to 1e34
2024-07-16 13:54:21,565 - storm_pomdp_control.py - Main family based on data from Storm: reduced design space from 1e34 to 1e34
2024-07-16 13:54:21,565 - storm_pomdp_control.py - Main family based on data from Storm: reduced design space from 1e34 to 1e34
2024-07-16 13:54:21,565 - storm_pomdp_control.py - Main family based on data from Storm: reduced design space from 1e34 to 1e34
2024-07-16 13:54:21,565 - storm_pomdp_control.py - Main family based on data from Storm: reduced design space from 1e34 to 1e34
2024-07-16 13:54:21,566 - storm_pomdp_control.py - Main family based on data from Storm: reduced design space from 1e33 to 1e33
2024-07-16 13:54:21,566 - storm_pomdp_control.py - Main family based on data from Storm: reduced design space from 1e33 to 1e33
2024-07-16 13:54:21,566 - storm_pomdp_control.py - Main family based on data from Storm: reduced design space from 1e33 to 1e33
2024-07-16 13:54:21,567 - storm_pomdp_control.py - Main family based on data from Storm: reduced design space from 1e33 to 1e33
2024-07-16 13:54:21,567 - storm_pomdp_control.py - Main family based on data from Storm: reduced design space from 1e32 to 1e32
2024-07-16 13:54:21,567 - storm_pomdp_control.py - Main family based on data from Storm: reduced design space from 1e32 to 1e32
2024-07-16 13:54:21,568 - storm_pomdp_control.py - Main family based on data from Storm: reduced design space from 1e32 to 1e32
2024-07-16 13:54:21,568 - storm_pomdp_control.py - Main family based on data from Storm: reduced design space from 1e32 to 1e32
2024-07-16 13:54:21,568 - storm_pomdp_control.py - Main family based on data from Storm: reduced design space from 1e31 to 1e31
2024-07-16 13:54:21,569 - storm_pomdp_control.py - Main family based on data from Storm: reduced design space from 1e31 to 1e31
2024-07-16 13:54:21,569 - storm_pomdp_control.py - Main family based on data from Storm: reduced design space from 1e31 to 1e31
2024-07-16 13:54:21,569 - storm_pomdp_control.py - Main family based on data from Storm: reduced design space from 1e31 to 1e31
2024-07-16 13:54:21,570 - storm_pomdp_control.py - Main family based on data from Storm: reduced design space from 1e30 to 1e30
2024-07-16 13:54:21,570 - storm_pomdp_control.py - Main family based on data from Storm: reduced design space from 1e30 to 1e30
2024-07-16 13:54:21,570 - storm_pomdp_control.py - Main family based on data from Storm: reduced design space from 1e30 to 1e30
2024-07-16 13:54:21,570 - storm_pomdp_control.py - Main family based on data from Storm: reduced design space from 1e30 to 1e30
2024-07-16 13:54:21,571 - storm_pomdp_control.py - Main family based on data from Storm: reduced design space from 1e29 to 1e29
2024-07-16 13:54:21,571 - storm_pomdp_control.py - Main family based on data from Storm: reduced design space from 1e29 to 1e29
2024-07-16 13:54:21,571 - storm_pomdp_control.py - Main family based on data from Storm: reduced design space from 1e29 to 1e29
2024-07-16 13:54:21,572 - storm_pomdp_control.py - Main family based on data from Storm: reduced design space from 1e29 to 1e29
2024-07-16 13:54:21,572 - storm_pomdp_control.py - Main family based on data from Storm: reduced design space from 1e29 to 1e29
2024-07-16 13:54:21,608 - synthesizer_ar_storm.py - State after Storm splitting: Main families - 43, Subfamilies - 0
> progress 0.0%, elapsed 96 s, estimated 96762750 s (3 years), iters = {MDP: 24}, opt = 4.06
> progress 0.0%, elapsed 103 s, estimated 103696893 s (3 years), iters = {MDP: 25}, opt = 4.06
> progress 0.0%, elapsed 110 s, estimated 110657572 s (3 years), iters = {MDP: 26}, opt = 4.06
> progress 0.0%, elapsed 116 s, estimated 116740167 s (3 years), iters = {MDP: 27}, opt = 4.06
> progress 0.0%, elapsed 125 s, estimated 125248061 s (3 years), iters = {MDP: 28}, opt = 4.06
2024-07-16 13:54:58,459 - synthesizer_ar_storm.py - Pausing synthesis
2024-07-16 13:54:58,540 - storm_pomdp_control.py - Interactive Storm resumed
2024-07-16 13:54:58,541 - storm_pomdp_control.py - Updating FSC values in Storm
2024-07-16 13:55:04,547 - storm_pomdp_control.py - Pausing Storm
Finished exploring under-approximation MDP.
Start analysis...
-----------Storm-----------               
Value = 8.59383179981108 | Time elapsed = 478.0s | FSC size = 2343


------------------------------------

PAYNT results: 
4.059582211008662
controller size: 44

Storm results: 
8.59383179981108
controller size: 2343

------------------------------------

2024-07-16 13:55:40,670 - synthesizer_pomdp.py - Timeout for PAYNT started
2024-07-16 13:55:41,503 - synthesizer_ar_storm.py - Resuming synthesis
2024-07-16 13:55:41,503 - synthesizer_ar_storm.py - Applying family split according to Storm results
2024-07-16 13:55:41,504 - storm_pomdp_control.py - Main family based on data from Storm: reduced design space from 1e39 to 1e39
2024-07-16 13:55:41,504 - storm_pomdp_control.py - Main family based on data from Storm: reduced design space from 1e39 to 1e39
2024-07-16 13:55:41,504 - storm_pomdp_control.py - Main family based on data from Storm: reduced design space from 1e38 to 1e38
2024-07-16 13:55:41,505 - storm_pomdp_control.py - Main family based on data from Storm: reduced design space from 1e38 to 1e38
2024-07-16 13:55:41,505 - storm_pomdp_control.py - Main family based on data from Storm: reduced design space from 1e38 to 1e38
2024-07-16 13:55:41,505 - storm_pomdp_control.py - Main family based on data from Storm: reduced design space from 1e38 to 1e38
2024-07-16 13:55:41,506 - storm_pomdp_control.py - Main family based on data from Storm: reduced design space from 1e37 to 1e37
2024-07-16 13:55:41,506 - storm_pomdp_control.py - Main family based on data from Storm: reduced design space from 1e37 to 1e37
2024-07-16 13:55:41,506 - storm_pomdp_control.py - Main family based on data from Storm: reduced design space from 1e37 to 1e37
2024-07-16 13:55:41,507 - storm_pomdp_control.py - Main family based on data from Storm: reduced design space from 1e37 to 1e37
2024-07-16 13:55:41,507 - storm_pomdp_control.py - Main family based on data from Storm: reduced design space from 1e36 to 1e36
2024-07-16 13:55:41,507 - storm_pomdp_control.py - Main family based on data from Storm: reduced design space from 1e36 to 1e36
2024-07-16 13:55:41,508 - storm_pomdp_control.py - Main family based on data from Storm: reduced design space from 1e36 to 1e36
2024-07-16 13:55:41,508 - storm_pomdp_control.py - Main family based on data from Storm: reduced design space from 1e35 to 1e35
2024-07-16 13:55:41,508 - storm_pomdp_control.py - Main family based on data from Storm: reduced design space from 1e35 to 1e35
2024-07-16 13:55:41,508 - storm_pomdp_control.py - Main family based on data from Storm: reduced design space from 1e35 to 1e35
2024-07-16 13:55:41,509 - storm_pomdp_control.py - Main family based on data from Storm: reduced design space from 1e35 to 1e35
2024-07-16 13:55:41,509 - storm_pomdp_control.py - Main family based on data from Storm: reduced design space from 1e34 to 1e34
2024-07-16 13:55:41,509 - storm_pomdp_control.py - Main family based on data from Storm: reduced design space from 1e34 to 1e34
2024-07-16 13:55:41,510 - storm_pomdp_control.py - Main family based on data from Storm: reduced design space from 1e34 to 1e34
2024-07-16 13:55:41,510 - storm_pomdp_control.py - Main family based on data from Storm: reduced design space from 1e34 to 1e34
2024-07-16 13:55:41,510 - storm_pomdp_control.py - Main family based on data from Storm: reduced design space from 1e34 to 1e34
2024-07-16 13:55:41,511 - storm_pomdp_control.py - Main family based on data from Storm: reduced design space from 1e33 to 1e33
2024-07-16 13:55:41,511 - storm_pomdp_control.py - Main family based on data from Storm: reduced design space from 1e33 to 1e33
2024-07-16 13:55:41,511 - storm_pomdp_control.py - Main family based on data from Storm: reduced design space from 1e33 to 1e33
2024-07-16 13:55:41,512 - storm_pomdp_control.py - Main family based on data from Storm: reduced design space from 1e33 to 1e33
2024-07-16 13:55:41,512 - storm_pomdp_control.py - Main family based on data from Storm: reduced design space from 1e32 to 1e32
2024-07-16 13:55:41,512 - storm_pomdp_control.py - Main family based on data from Storm: reduced design space from 1e32 to 1e32
2024-07-16 13:55:41,513 - storm_pomdp_control.py - Main family based on data from Storm: reduced design space from 1e32 to 1e32
2024-07-16 13:55:41,513 - storm_pomdp_control.py - Main family based on data from Storm: reduced design space from 1e32 to 1e32
2024-07-16 13:55:41,513 - storm_pomdp_control.py - Main family based on data from Storm: reduced design space from 1e31 to 1e31
2024-07-16 13:55:41,513 - storm_pomdp_control.py - Main family based on data from Storm: reduced design space from 1e31 to 1e31
2024-07-16 13:55:41,514 - storm_pomdp_control.py - Main family based on data from Storm: reduced design space from 1e31 to 1e31
2024-07-16 13:55:41,514 - storm_pomdp_control.py - Main family based on data from Storm: reduced design space from 1e31 to 1e31
2024-07-16 13:55:41,514 - storm_pomdp_control.py - Main family based on data from Storm: reduced design space from 1e30 to 1e30
2024-07-16 13:55:41,515 - storm_pomdp_control.py - Main family based on data from Storm: reduced design space from 1e30 to 1e30
2024-07-16 13:55:41,515 - storm_pomdp_control.py - Main family based on data from Storm: reduced design space from 1e30 to 1e30
2024-07-16 13:55:41,515 - storm_pomdp_control.py - Main family based on data from Storm: reduced design space from 1e30 to 1e30
2024-07-16 13:55:41,516 - storm_pomdp_control.py - Main family based on data from Storm: reduced design space from 1e29 to 1e29
2024-07-16 13:55:41,516 - storm_pomdp_control.py - Main family based on data from Storm: reduced design space from 1e29 to 1e29
2024-07-16 13:55:41,516 - storm_pomdp_control.py - Main family based on data from Storm: reduced design space from 1e29 to 1e29
2024-07-16 13:55:41,517 - storm_pomdp_control.py - Main family based on data from Storm: reduced design space from 1e29 to 1e29
2024-07-16 13:55:41,517 - storm_pomdp_control.py - Main family based on data from Storm: reduced design space from 1e28 to 1e28
2024-07-16 13:55:41,517 - storm_pomdp_control.py - Main family based on data from Storm: reduced design space from 1e28 to 1e28
2024-07-16 13:55:41,518 - storm_pomdp_control.py - Main family based on data from Storm: reduced design space from 1e28 to 1e28
2024-07-16 13:55:41,518 - storm_pomdp_control.py - Main family based on data from Storm: reduced design space from 1e28 to 1e28
2024-07-16 13:55:41,518 - storm_pomdp_control.py - Main family based on data from Storm: reduced design space from 1e27 to 1e27
2024-07-16 13:55:41,519 - storm_pomdp_control.py - Main family based on data from Storm: reduced design space from 1e27 to 1e27
2024-07-16 13:55:41,519 - storm_pomdp_control.py - Main family based on data from Storm: reduced design space from 1e27 to 1e27
2024-07-16 13:55:41,519 - storm_pomdp_control.py - Main family based on data from Storm: reduced design space from 1e27 to 1e27
2024-07-16 13:55:41,519 - storm_pomdp_control.py - Main family based on data from Storm: reduced design space from 1e26 to 1e26
2024-07-16 13:55:41,520 - storm_pomdp_control.py - Main family based on data from Storm: reduced design space from 1e26 to 1e26
2024-07-16 13:55:41,520 - storm_pomdp_control.py - Main family based on data from Storm: reduced design space from 1e26 to 1e26
2024-07-16 13:55:41,520 - synthesizer_ar_storm.py - State after Storm splitting: Main families - 53, Subfamilies - 0
> progress 0.0%, elapsed 133 s, estimated 133612908 s (4 years), iters = {MDP: 29}, opt = 4.06
> progress 0.0%, elapsed 141 s, estimated 141764269 s (4 years), iters = {MDP: 30}, opt = 4.06
> progress 0.0%, elapsed 149 s, estimated 149703822 s (4 years), iters = {MDP: 31}, opt = 4.06
> progress 0.0%, elapsed 157 s, estimated 157295806 s (4 years), iters = {MDP: 32}, opt = 4.06
2024-07-16 13:56:14,898 - synthesizer_ar_storm.py - Pausing synthesis
2024-07-16 13:56:14,980 - storm_pomdp_control.py - Interactive Storm resumed
2024-07-16 13:56:14,980 - storm_pomdp_control.py - Updating FSC values in Storm
2024-07-16 13:56:20,987 - storm_pomdp_control.py - Pausing Storm
Finished exploring under-approximation MDP.
Start analysis...
-----------Storm-----------               
Value = 8.59383179981108 | Time elapsed = 554.4s | FSC size = 2343


------------------------------------

PAYNT results: 
4.059582211008662
controller size: 44

Storm results: 
8.59383179981108
controller size: 2343

------------------------------------

2024-07-16 13:56:57,107 - synthesizer_pomdp.py - Timeout for PAYNT started
2024-07-16 13:56:57,941 - synthesizer_ar_storm.py - Resuming synthesis
2024-07-16 13:56:57,941 - synthesizer_ar_storm.py - Applying family split according to Storm results
2024-07-16 13:56:57,941 - storm_pomdp_control.py - Main family based on data from Storm: reduced design space from 1e39 to 1e39
2024-07-16 13:56:57,942 - storm_pomdp_control.py - Main family based on data from Storm: reduced design space from 1e39 to 1e39
2024-07-16 13:56:57,942 - storm_pomdp_control.py - Main family based on data from Storm: reduced design space from 1e38 to 1e38
2024-07-16 13:56:57,942 - storm_pomdp_control.py - Main family based on data from Storm: reduced design space from 1e38 to 1e38
2024-07-16 13:56:57,943 - storm_pomdp_control.py - Main family based on data from Storm: reduced design space from 1e38 to 1e38
2024-07-16 13:56:57,943 - storm_pomdp_control.py - Main family based on data from Storm: reduced design space from 1e38 to 1e38
2024-07-16 13:56:57,943 - storm_pomdp_control.py - Main family based on data from Storm: reduced design space from 1e37 to 1e37
2024-07-16 13:56:57,944 - storm_pomdp_control.py - Main family based on data from Storm: reduced design space from 1e37 to 1e37
2024-07-16 13:56:57,944 - storm_pomdp_control.py - Main family based on data from Storm: reduced design space from 1e37 to 1e37
2024-07-16 13:56:57,944 - storm_pomdp_control.py - Main family based on data from Storm: reduced design space from 1e37 to 1e37
2024-07-16 13:56:57,945 - storm_pomdp_control.py - Main family based on data from Storm: reduced design space from 1e36 to 1e36
2024-07-16 13:56:57,945 - storm_pomdp_control.py - Main family based on data from Storm: reduced design space from 1e36 to 1e36
2024-07-16 13:56:57,945 - storm_pomdp_control.py - Main family based on data from Storm: reduced design space from 1e36 to 1e36
2024-07-16 13:56:57,945 - storm_pomdp_control.py - Main family based on data from Storm: reduced design space from 1e35 to 1e35
2024-07-16 13:56:57,946 - storm_pomdp_control.py - Main family based on data from Storm: reduced design space from 1e35 to 1e35
2024-07-16 13:56:57,946 - storm_pomdp_control.py - Main family based on data from Storm: reduced design space from 1e35 to 1e35
2024-07-16 13:56:57,946 - storm_pomdp_control.py - Main family based on data from Storm: reduced design space from 1e35 to 1e35
2024-07-16 13:56:57,947 - storm_pomdp_control.py - Main family based on data from Storm: reduced design space from 1e34 to 1e34
2024-07-16 13:56:57,947 - storm_pomdp_control.py - Main family based on data from Storm: reduced design space from 1e34 to 1e34
2024-07-16 13:56:57,947 - storm_pomdp_control.py - Main family based on data from Storm: reduced design space from 1e34 to 1e34
2024-07-16 13:56:57,948 - storm_pomdp_control.py - Main family based on data from Storm: reduced design space from 1e34 to 1e34
2024-07-16 13:56:57,948 - storm_pomdp_control.py - Main family based on data from Storm: reduced design space from 1e34 to 1e34
2024-07-16 13:56:57,948 - storm_pomdp_control.py - Main family based on data from Storm: reduced design space from 1e33 to 1e33
2024-07-16 13:56:57,949 - storm_pomdp_control.py - Main family based on data from Storm: reduced design space from 1e33 to 1e33
2024-07-16 13:56:57,949 - storm_pomdp_control.py - Main family based on data from Storm: reduced design space from 1e33 to 1e33
2024-07-16 13:56:57,949 - storm_pomdp_control.py - Main family based on data from Storm: reduced design space from 1e33 to 1e33
2024-07-16 13:56:57,950 - storm_pomdp_control.py - Main family based on data from Storm: reduced design space from 1e32 to 1e32
2024-07-16 13:56:57,950 - storm_pomdp_control.py - Main family based on data from Storm: reduced design space from 1e32 to 1e32
2024-07-16 13:56:57,950 - storm_pomdp_control.py - Main family based on data from Storm: reduced design space from 1e32 to 1e32
2024-07-16 13:56:57,951 - storm_pomdp_control.py - Main family based on data from Storm: reduced design space from 1e32 to 1e32
2024-07-16 13:56:57,951 - storm_pomdp_control.py - Main family based on data from Storm: reduced design space from 1e31 to 1e31
2024-07-16 13:56:57,951 - storm_pomdp_control.py - Main family based on data from Storm: reduced design space from 1e31 to 1e31
2024-07-16 13:56:57,951 - storm_pomdp_control.py - Main family based on data from Storm: reduced design space from 1e31 to 1e31
2024-07-16 13:56:57,952 - storm_pomdp_control.py - Main family based on data from Storm: reduced design space from 1e31 to 1e31
2024-07-16 13:56:57,952 - storm_pomdp_control.py - Main family based on data from Storm: reduced design space from 1e30 to 1e30
2024-07-16 13:56:57,952 - storm_pomdp_control.py - Main family based on data from Storm: reduced design space from 1e30 to 1e30
2024-07-16 13:56:57,953 - storm_pomdp_control.py - Main family based on data from Storm: reduced design space from 1e30 to 1e30
2024-07-16 13:56:57,953 - storm_pomdp_control.py - Main family based on data from Storm: reduced design space from 1e30 to 1e30
2024-07-16 13:56:57,953 - storm_pomdp_control.py - Main family based on data from Storm: reduced design space from 1e29 to 1e29
2024-07-16 13:56:57,954 - storm_pomdp_control.py - Main family based on data from Storm: reduced design space from 1e29 to 1e29
2024-07-16 13:56:57,954 - storm_pomdp_control.py - Main family based on data from Storm: reduced design space from 1e29 to 1e29
2024-07-16 13:56:57,954 - storm_pomdp_control.py - Main family based on data from Storm: reduced design space from 1e29 to 1e29
2024-07-16 13:56:57,955 - storm_pomdp_control.py - Main family based on data from Storm: reduced design space from 1e28 to 1e28
2024-07-16 13:56:57,955 - storm_pomdp_control.py - Main family based on data from Storm: reduced design space from 1e28 to 1e28
2024-07-16 13:56:57,955 - storm_pomdp_control.py - Main family based on data from Storm: reduced design space from 1e28 to 1e28
2024-07-16 13:56:57,956 - storm_pomdp_control.py - Main family based on data from Storm: reduced design space from 1e28 to 1e28
2024-07-16 13:56:57,956 - storm_pomdp_control.py - Main family based on data from Storm: reduced design space from 1e27 to 1e27
2024-07-16 13:56:57,956 - storm_pomdp_control.py - Main family based on data from Storm: reduced design space from 1e27 to 1e27
2024-07-16 13:56:57,956 - storm_pomdp_control.py - Main family based on data from Storm: reduced design space from 1e27 to 1e27
2024-07-16 13:56:57,957 - storm_pomdp_control.py - Main family based on data from Storm: reduced design space from 1e27 to 1e27
2024-07-16 13:56:57,957 - storm_pomdp_control.py - Main family based on data from Storm: reduced design space from 1e26 to 1e26
2024-07-16 13:56:57,957 - storm_pomdp_control.py - Main family based on data from Storm: reduced design space from 1e26 to 1e26
2024-07-16 13:56:57,958 - storm_pomdp_control.py - Main family based on data from Storm: reduced design space from 1e26 to 1e26
2024-07-16 13:56:57,958 - storm_pomdp_control.py - Main family based on data from Storm: reduced design space from 1e26 to 1e26
2024-07-16 13:56:57,958 - storm_pomdp_control.py - Main family based on data from Storm: reduced design space from 1e26 to 1e26
2024-07-16 13:56:57,959 - storm_pomdp_control.py - Main family based on data from Storm: reduced design space from 1e25 to 1e25
2024-07-16 13:56:57,959 - storm_pomdp_control.py - Main family based on data from Storm: reduced design space from 1e25 to 1e25
2024-07-16 13:56:57,959 - storm_pomdp_control.py - Main family based on data from Storm: reduced design space from 1e25 to 1e25
2024-07-16 13:56:57,959 - synthesizer_ar_storm.py - State after Storm splitting: Main families - 58, Subfamilies - 0
> progress 0.0%, elapsed 166 s, estimated 605636496528603139075473408 s (19204607322697969664 years), iters = {MDP: 34}, opt = 4.06
> progress 0.0%, elapsed 174 s, estimated 632537245233680148319961088 s (20057624468343484416 years), iters = {MDP: 35}, opt = 4.06
> progress 0.0%, elapsed 181 s, estimated 658803514374033346350022656 s (20890522398973661184 years), iters = {MDP: 36}, opt = 4.06
> progress 0.0%, elapsed 191 s, estimated 670083068179168808434401280 s (21248194703804186624 years), iters = {MDP: 38}, opt = 4.06
2024-07-16 13:57:30,018 - synthesizer_ar_storm.py - Pausing synthesis
2024-07-16 13:57:30,101 - storm_pomdp_control.py - Interactive Storm resumed
2024-07-16 13:57:30,101 - storm_pomdp_control.py - Updating FSC values in Storm
2024-07-16 13:57:36,106 - storm_pomdp_control.py - Pausing Storm
Finished exploring under-approximation MDP.
Start analysis...
-----------Storm-----------               
Value = 8.59383179981108 | Time elapsed = 629.5s | FSC size = 2343


------------------------------------

PAYNT results: 
4.059582211008662
controller size: 44

Storm results: 
8.59383179981108
controller size: 2343

------------------------------------

2024-07-16 13:58:13,063 - synthesizer_ar_storm.py - Terminating controller synthesis
2024-07-16 13:58:13,063 - synthesizer.py - synthesis finished, printing synthesized assignment below:
2024-07-16 13:58:13,063 - synthesizer.py - None
--------------------
Synthesis summary:
optimality objective: R{"rew"}max=? [F "goal"] 

method: AR, synthesis time: 199.04 s
number of holes: 96, family size: 1e50, quotient: 11513 states / 134233 actions
explored: 0 %
MDP stats: avg MDP size: 11513, iterations: 38

optimum: 4.059582
--------------------
2024-07-16 13:58:13,064 - storm_pomdp_control.py - Storm POMDP analysis completed

------------------------------------

PAYNT results: 
4.059582211008662
controller size: 44

Storm results: 
8.59383179981108
controller size: 2343

------------------------------------

