2024-07-16 13:36:52,116 - cli.py - This is Paynt version 0.1.0.
2024-07-16 13:36:52,116 - sketch.py - loading sketch from rl_src/models_large/geo-2-8/sketch.templ ...
2024-07-16 13:36:52,116 - sketch.py - assuming sketch in PRISM format...
2024-07-16 13:36:52,118 - prism_parser.py - PRISM model type: POMDP
2024-07-16 13:36:52,118 - prism_parser.py - loading properties from rl_src/models_large/geo-2-8/sketch.props ...
2024-07-16 13:36:52,119 - prism_parser.py - found the following specification: optimality: Pmax=? ["notbad" U "goal"] 
2024-07-16 13:36:52,419 - sketch.py - sketch parsing OK
2024-07-16 13:36:52,420 - sketch.py - constructed explicit quotient having 45391 states and 166762 actions
2024-07-16 13:36:52,420 - property.py - converting until formula to eventually...
2024-07-16 13:36:52,420 - sketch.py - found the following specification optimality: Pmax=? [F "goal"] 
2024-07-16 13:36:52,462 - pomdp.py - constructed POMDP having 7 observations.
2024-07-16 13:36:52,473 - pomdp.py - unfolding 1-FSC template into POMDP...
2024-07-16 13:36:52,526 - pomdp.py - constructed quotient MDP having 45391 states and 166762 actions.
2024-07-16 13:36:53,218 - tpu_cluster_resolver.py - Falling back to TensorFlow client; we recommended you install the Cloud TPU client directly with pip install cloud-tpu-client.
2024-07-16 13:36:53,405 - __init__.py - Creating converter from 7 to 5
2024-07-16 13:36:53,405 - __init__.py - Creating converter from 5 to 7
2024-07-16 13:36:53,405 - __init__.py - Creating converter from 7 to 5
2024-07-16 13:36:53,405 - __init__.py - Creating converter from 5 to 7
2024-07-16 13:36:54,076 - synthesizer_pomdp.py - Storm POMDP option enabled
2024-07-16 13:36:54,076 - synthesizer_pomdp.py - Storm settings: iterative - (600, 30, 5), get_storm_result - None, storm_options - cutoff, prune_storm - False, unfold_strategy - (True, False), use_storm_cutoffs - False
2024-07-16 13:36:54,077 - synthesizer.py - synthesis initiated, design space: 16
2024-07-16 13:36:54,077 - synthesizer_pomdp.py - Timeout for PAYNT started
> progress 0.0%, elapsed 3 s, estimated 3274201 s (37 days), iters = {MDP: 3}
-----------PAYNT-----------                     
Value = 0.5319965092335829 | Time elapsed = 3.4s | FSC size = 14

> progress 25.0%, elapsed 7 s, estimated 30 s, iters = {MDP: 8}, opt = 0.532
-----------PAYNT-----------                     
Value = 0.5694957103184766 | Time elapsed = 8.6s | FSC size = 14

> progress 75.0%, elapsed 10 s, estimated 14 s, iters = {MDP: 18}, opt = 0.569
2024-07-16 13:37:04,793 - synthesizer.py - synthesis finished, printing synthesized assignment below:
2024-07-16 13:37:04,793 - synthesizer.py - A([done=0	& obsReady=1	& see=1],0)=r, A([done=0	& obsReady=1	& see=0],0)=d
2024-07-16 13:37:04,824 - synthesizer.py - double-checking specification satisfiability:  : 0.5694957103184766
--------------------
Synthesis summary:
optimality objective: Pmax=? [F "goal"] 

method: AR, synthesis time: 10.72 s
number of holes: 2, family size: 16, quotient: 45391 states / 166762 actions
explored: 100 %
MDP stats: avg MDP size: 21859, iterations: 21

optimum: 0.569496
--------------------
2024-07-16 13:37:25,088 - synthesizer_pomdp.py - Increase memory in all imperfect observation
2024-07-16 13:37:25,096 - pomdp.py - unfolding 2-FSC template into POMDP...
2024-07-16 13:37:25,716 - pomdp.py - constructed quotient MDP having 90782 states and 667048 actions.
2024-07-16 13:37:26,557 - synthesizer.py - synthesis initiated, design space: 1e6
2024-07-16 13:37:26,557 - synthesizer_ar_storm.py - Pausing synthesis
2024-07-16 13:37:26,657 - storm_pomdp_control.py - Interactive Storm started
2024-07-16 13:37:26,657 - storm_pomdp_control.py - starting Storm POMDP analysis
2024-07-16 13:37:33,664 - storm_pomdp_control.py - Pausing Storm
Finished exploring under-approximation MDP.
Start analysis...
-----------Storm-----------               
Value = 0.6125160295208801 | Time elapsed = 50.0s | FSC size = 4579


------------------------------------

PAYNT results: 
0.5694957103184766
controller size: 14

Storm results: 
0.6125160295208801
controller size: 4579

------------------------------------

2024-07-16 13:37:44,853 - synthesizer_pomdp.py - Timeout for PAYNT started
2024-07-16 13:37:45,580 - synthesizer_ar_storm.py - Resuming synthesis
2024-07-16 13:37:45,580 - synthesizer_ar_storm.py - Additional memory needed
2024-07-16 13:37:45,580 - synthesizer.py - synthesis finished, printing synthesized assignment below:
2024-07-16 13:37:45,580 - synthesizer.py - None
--------------------
Synthesis summary:
optimality objective: Pmax=? [F "goal"] 

method: AR, synthesis time: 0.0 s
number of holes: 18, family size: 1e6, quotient: 90782 states / 667048 actions
explored: 0 %

optimum: 0.569496
--------------------
2024-07-16 13:37:45,580 - synthesizer_pomdp.py - Added memory nodes for observation based on Storm data
2024-07-16 13:37:45,615 - pomdp.py - unfolding 4-FSC template into POMDP...
2024-07-16 13:37:47,188 - pomdp.py - constructed quotient MDP having 166762 states and 2597857 actions.
2024-07-16 13:37:50,190 - storm_pomdp_control.py - Main family based on data from Storm: reduced design space from 1e10 to 1e10
2024-07-16 13:37:50,190 - synthesizer.py - synthesis initiated, design space: 1e10
> progress 0.0%, elapsed 4 s, estimated 4799595 s (55 days), iters = {MDP: 2}, opt = 0.569
> progress 0.0%, elapsed 10 s, estimated 10729535 s (124 days), iters = {MDP: 3}, opt = 0.569
> progress 0.0%, elapsed 16 s, estimated 16605677 s (192 days), iters = {MDP: 4}, opt = 0.569
> progress 0.0%, elapsed 22 s, estimated 22290744 s (257 days), iters = {MDP: 5}, opt = 0.569
2024-07-16 13:38:22,093 - synthesizer_ar_storm.py - Pausing synthesis
2024-07-16 13:38:22,193 - storm_pomdp_control.py - Interactive Storm resumed
2024-07-16 13:38:22,194 - storm_pomdp_control.py - Updating FSC values in Storm
2024-07-16 13:38:28,204 - storm_pomdp_control.py - Pausing Storm
Finished exploring under-approximation MDP.
Start analysis...
-----------Storm-----------               
Value = 0.61302711775006 | Time elapsed = 115.6s | FSC size = 4859


------------------------------------

PAYNT results: 
0.5694957103184766
controller size: 14

Storm results: 
0.61302711775006
controller size: 4859

------------------------------------

2024-07-16 13:38:50,403 - synthesizer_pomdp.py - Timeout for PAYNT started
2024-07-16 13:38:51,127 - synthesizer_ar_storm.py - Resuming synthesis
2024-07-16 13:38:51,127 - synthesizer_ar_storm.py - Applying family split according to Storm results
2024-07-16 13:38:51,127 - storm_pomdp_control.py - Main family based on data from Storm: reduced design space from 1e10 to 1e10
2024-07-16 13:38:51,127 - storm_pomdp_control.py - Main family based on data from Storm: reduced design space from 1e10 to 1e10
2024-07-16 13:38:51,127 - storm_pomdp_control.py - Main family based on data from Storm: reduced design space from 1e10 to 1e10
2024-07-16 13:38:51,127 - storm_pomdp_control.py - Main family based on data from Storm: reduced design space from 1e9 to 1e9
2024-07-16 13:38:51,127 - storm_pomdp_control.py - Main family based on data from Storm: reduced design space from 1e9 to 1e9
2024-07-16 13:38:51,127 - storm_pomdp_control.py - Main family based on data from Storm: reduced design space from 1e9 to 1e9
2024-07-16 13:38:51,127 - storm_pomdp_control.py - Main family based on data from Storm: reduced design space from 1e9 to 1e9
2024-07-16 13:38:51,127 - storm_pomdp_control.py - Main family based on data from Storm: reduced design space from 1e9 to 1e9
2024-07-16 13:38:51,127 - storm_pomdp_control.py - Main family based on data from Storm: reduced design space from 1e9 to 1e9
2024-07-16 13:38:51,128 - storm_pomdp_control.py - Main family based on data from Storm: reduced design space from 1e8 to 1e8
2024-07-16 13:38:51,128 - storm_pomdp_control.py - Main family based on data from Storm: reduced design space from 1e8 to 1e8
2024-07-16 13:38:51,128 - storm_pomdp_control.py - Main family based on data from Storm: reduced design space from 1e7 to 1e7
2024-07-16 13:38:51,128 - storm_pomdp_control.py - Main family based on data from Storm: reduced design space from 1e7 to 1e7
2024-07-16 13:38:51,128 - storm_pomdp_control.py - Main family based on data from Storm: reduced design space from 1e7 to 1e7
2024-07-16 13:38:51,128 - storm_pomdp_control.py - Main family based on data from Storm: reduced design space from 1e7 to 1e7
2024-07-16 13:38:51,128 - synthesizer_ar_storm.py - State after Storm splitting: Main families - 15, Subfamilies - 0
> progress 0.39%, elapsed 32 s, estimated 8267 s (2 hours), iters = {MDP: 7}, opt = 0.569
> progress 0.39%, elapsed 39 s, estimated 10122 s (2 hours), iters = {MDP: 8}, opt = 0.569
> progress 0.39%, elapsed 45 s, estimated 11696 s (3 hours), iters = {MDP: 9}, opt = 0.569
> progress 0.39%, elapsed 51 s, estimated 13214 s (3 hours), iters = {MDP: 10}, opt = 0.569
> progress 0.39%, elapsed 57 s, estimated 14678 s (4 hours), iters = {MDP: 11}, opt = 0.569
2024-07-16 13:39:21,672 - synthesizer_ar_storm.py - Pausing synthesis
2024-07-16 13:39:21,726 - storm_pomdp_control.py - Interactive Storm resumed
2024-07-16 13:39:21,726 - storm_pomdp_control.py - Updating FSC values in Storm
2024-07-16 13:39:27,734 - storm_pomdp_control.py - Pausing Storm
Finished exploring under-approximation MDP.
Start analysis...
-----------Storm-----------               
Value = 0.6161146750383732 | Time elapsed = 179.1s | FSC size = 6264


------------------------------------

PAYNT results: 
0.5694957103184766
controller size: 14

Storm results: 
0.6161146750383732
controller size: 6264

------------------------------------

2024-07-16 13:39:53,940 - synthesizer_pomdp.py - Timeout for PAYNT started
2024-07-16 13:39:54,710 - synthesizer_ar_storm.py - Resuming synthesis
2024-07-16 13:39:54,711 - synthesizer_ar_storm.py - Applying family split according to Storm results
2024-07-16 13:39:54,711 - storm_pomdp_control.py - Main family based on data from Storm: reduced design space from 1e10 to 1e10
2024-07-16 13:39:54,711 - storm_pomdp_control.py - Main family based on data from Storm: reduced design space from 1e10 to 1e10
2024-07-16 13:39:54,711 - storm_pomdp_control.py - Main family based on data from Storm: reduced design space from 1e10 to 1e10
2024-07-16 13:39:54,711 - storm_pomdp_control.py - Main family based on data from Storm: reduced design space from 1e9 to 1e9
2024-07-16 13:39:54,711 - storm_pomdp_control.py - Main family based on data from Storm: reduced design space from 1e9 to 1e9
2024-07-16 13:39:54,711 - storm_pomdp_control.py - Main family based on data from Storm: reduced design space from 1e9 to 1e9
2024-07-16 13:39:54,711 - storm_pomdp_control.py - Main family based on data from Storm: reduced design space from 1e9 to 1e9
2024-07-16 13:39:54,711 - storm_pomdp_control.py - Main family based on data from Storm: reduced design space from 1e9 to 1e9
2024-07-16 13:39:54,711 - storm_pomdp_control.py - Main family based on data from Storm: reduced design space from 1e9 to 1e9
2024-07-16 13:39:54,711 - storm_pomdp_control.py - Main family based on data from Storm: reduced design space from 1e8 to 1e8
2024-07-16 13:39:54,711 - storm_pomdp_control.py - Main family based on data from Storm: reduced design space from 1e8 to 1e8
2024-07-16 13:39:54,711 - storm_pomdp_control.py - Main family based on data from Storm: reduced design space from 1e7 to 1e7
2024-07-16 13:39:54,712 - storm_pomdp_control.py - Main family based on data from Storm: reduced design space from 1e7 to 1e7
2024-07-16 13:39:54,712 - storm_pomdp_control.py - Main family based on data from Storm: reduced design space from 1e7 to 1e7
2024-07-16 13:39:54,712 - storm_pomdp_control.py - Main family based on data from Storm: reduced design space from 1e7 to 1e7
2024-07-16 13:39:54,712 - storm_pomdp_control.py - Main family based on data from Storm: reduced design space from 1e7 to 1e7
2024-07-16 13:39:54,712 - storm_pomdp_control.py - Main family based on data from Storm: reduced design space from 1e7 to 1e7
2024-07-16 13:39:54,712 - storm_pomdp_control.py - Main family based on data from Storm: reduced design space from 1e6 to 1e6
2024-07-16 13:39:54,712 - storm_pomdp_control.py - Main family based on data from Storm: reduced design space from 1e6 to 1e6
2024-07-16 13:39:54,712 - storm_pomdp_control.py - Main family based on data from Storm: reduced design space from 1e6 to 1e6
2024-07-16 13:39:54,712 - storm_pomdp_control.py - Main family based on data from Storm: reduced design space from 1e6 to 1e6
2024-07-16 13:39:54,712 - storm_pomdp_control.py - Main family based on data from Storm: reduced design space from 1e6 to 1e6
2024-07-16 13:39:54,712 - storm_pomdp_control.py - Main family based on data from Storm: reduced design space from 262144 to 262144
2024-07-16 13:39:54,712 - storm_pomdp_control.py - Main family based on data from Storm: reduced design space from 262144 to 262144
2024-07-16 13:39:54,712 - storm_pomdp_control.py - Main family based on data from Storm: reduced design space from 262144 to 262144
2024-07-16 13:39:54,713 - storm_pomdp_control.py - Main family based on data from Storm: reduced design space from 65536 to 65536
2024-07-16 13:39:54,713 - storm_pomdp_control.py - Main family based on data from Storm: reduced design space from 65536 to 65536
2024-07-16 13:39:54,713 - storm_pomdp_control.py - Main family based on data from Storm: reduced design space from 65536 to 65536
2024-07-16 13:39:54,713 - storm_pomdp_control.py - Main family based on data from Storm: reduced design space from 65536 to 65536
2024-07-16 13:39:54,713 - synthesizer_ar_storm.py - State after Storm splitting: Main families - 29, Subfamilies - 0
> progress 0.39%, elapsed 62 s, estimated 16055 s (4 hours), iters = {MDP: 12}, opt = 0.569
> progress 0.39%, elapsed 68 s, estimated 17450 s (4 hours), iters = {MDP: 13}, opt = 0.569
> progress 0.39%, elapsed 72 s, estimated 18529 s (5 hours), iters = {MDP: 14}, opt = 0.569
> progress 0.39%, elapsed 76 s, estimated 19699 s (5 hours), iters = {MDP: 15}, opt = 0.569
> progress 0.39%, elapsed 84 s, estimated 21652 s (6 hours), iters = {MDP: 16}, opt = 0.569
> progress 0.39%, elapsed 91 s, estimated 23390 s (6 hours), iters = {MDP: 18}, opt = 0.569
2024-07-16 13:40:24,805 - synthesizer_ar_storm.py - Pausing synthesis
2024-07-16 13:40:25,397 - storm_pomdp_control.py - Interactive Storm resumed
2024-07-16 13:40:25,397 - storm_pomdp_control.py - Updating FSC values in Storm
2024-07-16 13:40:31,407 - storm_pomdp_control.py - Pausing Storm
Finished exploring under-approximation MDP.
Start analysis...
-----------Storm-----------               
Value = 0.6167333800017228 | Time elapsed = 251.8s | FSC size = 10748


------------------------------------

PAYNT results: 
0.5694957103184766
controller size: 14

Storm results: 
0.6167333800017228
controller size: 10748

------------------------------------

2024-07-16 13:41:06,631 - synthesizer_pomdp.py - Timeout for PAYNT started
2024-07-16 13:41:06,854 - synthesizer_ar_storm.py - Resuming synthesis
2024-07-16 13:41:06,854 - synthesizer_ar_storm.py - Applying family split according to Storm results
2024-07-16 13:41:06,855 - storm_pomdp_control.py - Main family based on data from Storm: reduced design space from 1e10 to 1e10
2024-07-16 13:41:06,855 - storm_pomdp_control.py - Main family based on data from Storm: reduced design space from 1e10 to 1e10
2024-07-16 13:41:06,855 - storm_pomdp_control.py - Main family based on data from Storm: reduced design space from 1e10 to 1e10
2024-07-16 13:41:06,855 - storm_pomdp_control.py - Main family based on data from Storm: reduced design space from 1e9 to 1e9
2024-07-16 13:41:06,855 - storm_pomdp_control.py - Main family based on data from Storm: reduced design space from 1e9 to 1e9
2024-07-16 13:41:06,855 - storm_pomdp_control.py - Main family based on data from Storm: reduced design space from 1e9 to 1e9
2024-07-16 13:41:06,855 - storm_pomdp_control.py - Main family based on data from Storm: reduced design space from 1e9 to 1e9
2024-07-16 13:41:06,855 - storm_pomdp_control.py - Main family based on data from Storm: reduced design space from 1e9 to 1e9
2024-07-16 13:41:06,855 - storm_pomdp_control.py - Main family based on data from Storm: reduced design space from 1e9 to 1e9
2024-07-16 13:41:06,855 - storm_pomdp_control.py - Main family based on data from Storm: reduced design space from 1e8 to 1e8
2024-07-16 13:41:06,855 - storm_pomdp_control.py - Main family based on data from Storm: reduced design space from 1e8 to 1e8
2024-07-16 13:41:06,855 - storm_pomdp_control.py - Main family based on data from Storm: reduced design space from 1e7 to 1e7
2024-07-16 13:41:06,855 - storm_pomdp_control.py - Main family based on data from Storm: reduced design space from 1e7 to 1e7
2024-07-16 13:41:06,856 - storm_pomdp_control.py - Main family based on data from Storm: reduced design space from 1e7 to 1e7
2024-07-16 13:41:06,856 - storm_pomdp_control.py - Main family based on data from Storm: reduced design space from 1e7 to 1e7
2024-07-16 13:41:06,856 - storm_pomdp_control.py - Main family based on data from Storm: reduced design space from 1e7 to 1e7
2024-07-16 13:41:06,856 - storm_pomdp_control.py - Main family based on data from Storm: reduced design space from 1e7 to 1e7
2024-07-16 13:41:06,856 - storm_pomdp_control.py - Main family based on data from Storm: reduced design space from 1e6 to 1e6
2024-07-16 13:41:06,856 - storm_pomdp_control.py - Main family based on data from Storm: reduced design space from 1e6 to 1e6
2024-07-16 13:41:06,856 - storm_pomdp_control.py - Main family based on data from Storm: reduced design space from 1e6 to 1e6
2024-07-16 13:41:06,856 - storm_pomdp_control.py - Main family based on data from Storm: reduced design space from 1e6 to 1e6
2024-07-16 13:41:06,856 - storm_pomdp_control.py - Main family based on data from Storm: reduced design space from 1e6 to 1e6
2024-07-16 13:41:06,856 - storm_pomdp_control.py - Main family based on data from Storm: reduced design space from 262144 to 262144
2024-07-16 13:41:06,856 - storm_pomdp_control.py - Main family based on data from Storm: reduced design space from 262144 to 262144
2024-07-16 13:41:06,856 - storm_pomdp_control.py - Main family based on data from Storm: reduced design space from 262144 to 262144
2024-07-16 13:41:06,856 - storm_pomdp_control.py - Main family based on data from Storm: reduced design space from 65536 to 65536
2024-07-16 13:41:06,857 - storm_pomdp_control.py - Main family based on data from Storm: reduced design space from 65536 to 65536
2024-07-16 13:41:06,857 - storm_pomdp_control.py - Main family based on data from Storm: reduced design space from 65536 to 65536
2024-07-16 13:41:06,857 - storm_pomdp_control.py - Main family based on data from Storm: reduced design space from 16384 to 16384
2024-07-16 13:41:06,857 - storm_pomdp_control.py - Main family based on data from Storm: reduced design space from 16384 to 16384
2024-07-16 13:41:06,857 - storm_pomdp_control.py - Main family based on data from Storm: reduced design space from 16384 to 16384
2024-07-16 13:41:06,857 - storm_pomdp_control.py - Main family based on data from Storm: reduced design space from 4096 to 4096
2024-07-16 13:41:06,857 - storm_pomdp_control.py - Main family based on data from Storm: reduced design space from 4096 to 4096
2024-07-16 13:41:06,857 - storm_pomdp_control.py - Main family based on data from Storm: reduced design space from 4096 to 4096
2024-07-16 13:41:06,857 - storm_pomdp_control.py - Main family based on data from Storm: reduced design space from 1024 to 1024
2024-07-16 13:41:06,857 - storm_pomdp_control.py - Main family based on data from Storm: reduced design space from 1024 to 1024
2024-07-16 13:41:06,857 - storm_pomdp_control.py - Main family based on data from Storm: reduced design space from 1024 to 1024
2024-07-16 13:41:06,857 - storm_pomdp_control.py - Main family based on data from Storm: reduced design space from 256 to 256
2024-07-16 13:41:06,857 - storm_pomdp_control.py - Main family based on data from Storm: reduced design space from 256 to 256
2024-07-16 13:41:06,858 - storm_pomdp_control.py - Main family based on data from Storm: reduced design space from 64 to 64
2024-07-16 13:41:06,858 - storm_pomdp_control.py - Main family based on data from Storm: reduced design space from 64 to 64
2024-07-16 13:41:06,858 - storm_pomdp_control.py - Main family based on data from Storm: reduced design space from 64 to 64
2024-07-16 13:41:06,858 - storm_pomdp_control.py - Main family based on data from Storm: reduced design space from 16 to 16
2024-07-16 13:41:06,858 - storm_pomdp_control.py - Main family based on data from Storm: reduced design space from 16 to 16
2024-07-16 13:41:06,858 - storm_pomdp_control.py - Main family based on data from Storm: reduced design space from 16 to 16
2024-07-16 13:41:06,858 - storm_pomdp_control.py - Main family based on data from Storm: reduced design space from 16 to 16
2024-07-16 13:41:06,858 - synthesizer_ar_storm.py - State after Storm splitting: Main families - 46, Subfamilies - 0
> progress 0.39%, elapsed 95 s, estimated 24362 s (6 hours), iters = {MDP: 24}, opt = 0.569
> progress 0.39%, elapsed 98 s, estimated 25193 s (6 hours), iters = {MDP: 29}, opt = 0.569
> progress 0.39%, elapsed 102 s, estimated 26189 s (7 hours), iters = {MDP: 33}, opt = 0.569
> progress 0.39%, elapsed 119 s, estimated 30487 s (8 hours), iters = {MDP: 40}, opt = 0.569
2024-07-16 13:41:40,264 - synthesizer_ar_storm.py - Pausing synthesis
2024-07-16 13:41:40,282 - storm_pomdp_control.py - Interactive Storm resumed
2024-07-16 13:41:40,282 - storm_pomdp_control.py - Updating FSC values in Storm
2024-07-16 13:41:46,291 - storm_pomdp_control.py - Pausing Storm
Finished exploring under-approximation MDP.
Start analysis...
-----------Storm-----------               
Value = 0.6167333800017228 | Time elapsed = 325.6s | FSC size = 10739


------------------------------------

PAYNT results: 
0.5694957103184766
controller size: 14

Storm results: 
0.6167333800017228
controller size: 10739

------------------------------------

2024-07-16 13:42:20,518 - synthesizer_pomdp.py - Timeout for PAYNT started
2024-07-16 13:42:21,312 - synthesizer_ar_storm.py - Resuming synthesis
2024-07-16 13:42:21,312 - synthesizer_ar_storm.py - Applying family split according to Storm results
2024-07-16 13:42:21,312 - storm_pomdp_control.py - Main family based on data from Storm: reduced design space from 1e10 to 1e10
2024-07-16 13:42:21,312 - storm_pomdp_control.py - Main family based on data from Storm: reduced design space from 1e10 to 1e10
2024-07-16 13:42:21,312 - storm_pomdp_control.py - Main family based on data from Storm: reduced design space from 1e10 to 1e10
2024-07-16 13:42:21,312 - storm_pomdp_control.py - Main family based on data from Storm: reduced design space from 1e9 to 1e9
2024-07-16 13:42:21,312 - storm_pomdp_control.py - Main family based on data from Storm: reduced design space from 1e9 to 1e9
2024-07-16 13:42:21,312 - storm_pomdp_control.py - Main family based on data from Storm: reduced design space from 1e9 to 1e9
2024-07-16 13:42:21,312 - storm_pomdp_control.py - Main family based on data from Storm: reduced design space from 1e9 to 1e9
2024-07-16 13:42:21,312 - storm_pomdp_control.py - Main family based on data from Storm: reduced design space from 1e9 to 1e9
2024-07-16 13:42:21,312 - storm_pomdp_control.py - Main family based on data from Storm: reduced design space from 1e9 to 1e9
2024-07-16 13:42:21,313 - storm_pomdp_control.py - Main family based on data from Storm: reduced design space from 1e8 to 1e8
2024-07-16 13:42:21,313 - storm_pomdp_control.py - Main family based on data from Storm: reduced design space from 1e8 to 1e8
2024-07-16 13:42:21,313 - storm_pomdp_control.py - Main family based on data from Storm: reduced design space from 1e7 to 1e7
2024-07-16 13:42:21,313 - storm_pomdp_control.py - Main family based on data from Storm: reduced design space from 1e7 to 1e7
2024-07-16 13:42:21,313 - storm_pomdp_control.py - Main family based on data from Storm: reduced design space from 1e7 to 1e7
2024-07-16 13:42:21,313 - storm_pomdp_control.py - Main family based on data from Storm: reduced design space from 1e7 to 1e7
2024-07-16 13:42:21,313 - storm_pomdp_control.py - Main family based on data from Storm: reduced design space from 1e7 to 1e7
2024-07-16 13:42:21,313 - storm_pomdp_control.py - Main family based on data from Storm: reduced design space from 1e7 to 1e7
2024-07-16 13:42:21,313 - storm_pomdp_control.py - Main family based on data from Storm: reduced design space from 1e6 to 1e6
2024-07-16 13:42:21,313 - storm_pomdp_control.py - Main family based on data from Storm: reduced design space from 1e6 to 1e6
2024-07-16 13:42:21,313 - storm_pomdp_control.py - Main family based on data from Storm: reduced design space from 1e6 to 1e6
2024-07-16 13:42:21,313 - storm_pomdp_control.py - Main family based on data from Storm: reduced design space from 1e6 to 1e6
2024-07-16 13:42:21,313 - storm_pomdp_control.py - Main family based on data from Storm: reduced design space from 1e6 to 1e6
2024-07-16 13:42:21,313 - storm_pomdp_control.py - Main family based on data from Storm: reduced design space from 262144 to 262144
2024-07-16 13:42:21,314 - storm_pomdp_control.py - Main family based on data from Storm: reduced design space from 262144 to 262144
2024-07-16 13:42:21,314 - storm_pomdp_control.py - Main family based on data from Storm: reduced design space from 262144 to 262144
2024-07-16 13:42:21,314 - storm_pomdp_control.py - Main family based on data from Storm: reduced design space from 65536 to 65536
2024-07-16 13:42:21,314 - storm_pomdp_control.py - Main family based on data from Storm: reduced design space from 65536 to 65536
2024-07-16 13:42:21,314 - storm_pomdp_control.py - Main family based on data from Storm: reduced design space from 65536 to 65536
2024-07-16 13:42:21,314 - storm_pomdp_control.py - Main family based on data from Storm: reduced design space from 16384 to 16384
2024-07-16 13:42:21,314 - storm_pomdp_control.py - Main family based on data from Storm: reduced design space from 16384 to 16384
2024-07-16 13:42:21,314 - storm_pomdp_control.py - Main family based on data from Storm: reduced design space from 16384 to 16384
2024-07-16 13:42:21,314 - storm_pomdp_control.py - Main family based on data from Storm: reduced design space from 4096 to 4096
2024-07-16 13:42:21,314 - storm_pomdp_control.py - Main family based on data from Storm: reduced design space from 4096 to 4096
2024-07-16 13:42:21,314 - storm_pomdp_control.py - Main family based on data from Storm: reduced design space from 4096 to 4096
2024-07-16 13:42:21,314 - storm_pomdp_control.py - Main family based on data from Storm: reduced design space from 1024 to 1024
2024-07-16 13:42:21,315 - storm_pomdp_control.py - Main family based on data from Storm: reduced design space from 1024 to 1024
2024-07-16 13:42:21,315 - storm_pomdp_control.py - Main family based on data from Storm: reduced design space from 1024 to 1024
2024-07-16 13:42:21,315 - storm_pomdp_control.py - Main family based on data from Storm: reduced design space from 64 to 64
2024-07-16 13:42:21,315 - storm_pomdp_control.py - Main family based on data from Storm: reduced design space from 64 to 64
2024-07-16 13:42:21,315 - storm_pomdp_control.py - Main family based on data from Storm: reduced design space from 64 to 64
2024-07-16 13:42:21,315 - storm_pomdp_control.py - Main family based on data from Storm: reduced design space from 16 to 16
2024-07-16 13:42:21,315 - storm_pomdp_control.py - Main family based on data from Storm: reduced design space from 16 to 16
2024-07-16 13:42:21,315 - storm_pomdp_control.py - Main family based on data from Storm: reduced design space from 16 to 16
2024-07-16 13:42:21,315 - storm_pomdp_control.py - Main family based on data from Storm: reduced design space from 16 to 16
2024-07-16 13:42:21,315 - synthesizer_ar_storm.py - State after Storm splitting: Main families - 44, Subfamilies - 0
> progress 0.39%, elapsed 125 s, estimated 32255 s (8 hours), iters = {MDP: 41}, opt = 0.569
> progress 0.39%, elapsed 137 s, estimated 35162 s (9 hours), iters = {MDP: 46}, opt = 0.569
> progress 0.39%, elapsed 144 s, estimated 37087 s (10 hours), iters = {MDP: 50}, opt = 0.569
> progress 0.39%, elapsed 153 s, estimated 39262 s (10 hours), iters = {MDP: 51}, opt = 0.569
2024-07-16 13:42:50,964 - synthesizer_ar_storm.py - Pausing synthesis
2024-07-16 13:42:51,064 - storm_pomdp_control.py - Interactive Storm resumed
2024-07-16 13:42:51,064 - storm_pomdp_control.py - Updating FSC values in Storm
2024-07-16 13:42:57,073 - storm_pomdp_control.py - Pausing Storm
Finished exploring under-approximation MDP.
Start analysis...
-----------Storm-----------               
Value = 0.6167333800017228 | Time elapsed = 397.4s | FSC size = 10746


------------------------------------

PAYNT results: 
0.5694957103184766
controller size: 14

Storm results: 
0.6167333800017228
controller size: 10746

------------------------------------

2024-07-16 13:43:32,302 - synthesizer_pomdp.py - Timeout for PAYNT started
2024-07-16 13:43:33,012 - synthesizer_ar_storm.py - Resuming synthesis
2024-07-16 13:43:33,012 - synthesizer_ar_storm.py - Applying family split according to Storm results
2024-07-16 13:43:33,012 - storm_pomdp_control.py - Main family based on data from Storm: reduced design space from 1e10 to 1e10
2024-07-16 13:43:33,012 - storm_pomdp_control.py - Main family based on data from Storm: reduced design space from 1e10 to 1e10
2024-07-16 13:43:33,012 - storm_pomdp_control.py - Main family based on data from Storm: reduced design space from 1e10 to 1e10
2024-07-16 13:43:33,012 - storm_pomdp_control.py - Main family based on data from Storm: reduced design space from 1e9 to 1e9
2024-07-16 13:43:33,012 - storm_pomdp_control.py - Main family based on data from Storm: reduced design space from 1e9 to 1e9
2024-07-16 13:43:33,012 - storm_pomdp_control.py - Main family based on data from Storm: reduced design space from 1e9 to 1e9
2024-07-16 13:43:33,012 - storm_pomdp_control.py - Main family based on data from Storm: reduced design space from 1e9 to 1e9
2024-07-16 13:43:33,012 - storm_pomdp_control.py - Main family based on data from Storm: reduced design space from 1e9 to 1e9
2024-07-16 13:43:33,012 - storm_pomdp_control.py - Main family based on data from Storm: reduced design space from 1e9 to 1e9
2024-07-16 13:43:33,012 - storm_pomdp_control.py - Main family based on data from Storm: reduced design space from 1e8 to 1e8
2024-07-16 13:43:33,012 - storm_pomdp_control.py - Main family based on data from Storm: reduced design space from 1e8 to 1e8
2024-07-16 13:43:33,013 - storm_pomdp_control.py - Main family based on data from Storm: reduced design space from 1e7 to 1e7
2024-07-16 13:43:33,013 - storm_pomdp_control.py - Main family based on data from Storm: reduced design space from 1e7 to 1e7
2024-07-16 13:43:33,013 - storm_pomdp_control.py - Main family based on data from Storm: reduced design space from 1e7 to 1e7
2024-07-16 13:43:33,013 - storm_pomdp_control.py - Main family based on data from Storm: reduced design space from 1e7 to 1e7
2024-07-16 13:43:33,013 - storm_pomdp_control.py - Main family based on data from Storm: reduced design space from 1e7 to 1e7
2024-07-16 13:43:33,013 - storm_pomdp_control.py - Main family based on data from Storm: reduced design space from 1e7 to 1e7
2024-07-16 13:43:33,013 - storm_pomdp_control.py - Main family based on data from Storm: reduced design space from 1e6 to 1e6
2024-07-16 13:43:33,013 - storm_pomdp_control.py - Main family based on data from Storm: reduced design space from 1e6 to 1e6
2024-07-16 13:43:33,013 - storm_pomdp_control.py - Main family based on data from Storm: reduced design space from 1e6 to 1e6
2024-07-16 13:43:33,013 - storm_pomdp_control.py - Main family based on data from Storm: reduced design space from 1e6 to 1e6
2024-07-16 13:43:33,013 - storm_pomdp_control.py - Main family based on data from Storm: reduced design space from 1e6 to 1e6
2024-07-16 13:43:33,013 - storm_pomdp_control.py - Main family based on data from Storm: reduced design space from 262144 to 262144
2024-07-16 13:43:33,013 - storm_pomdp_control.py - Main family based on data from Storm: reduced design space from 262144 to 262144
2024-07-16 13:43:33,013 - storm_pomdp_control.py - Main family based on data from Storm: reduced design space from 262144 to 262144
2024-07-16 13:43:33,014 - storm_pomdp_control.py - Main family based on data from Storm: reduced design space from 65536 to 65536
2024-07-16 13:43:33,014 - storm_pomdp_control.py - Main family based on data from Storm: reduced design space from 65536 to 65536
2024-07-16 13:43:33,014 - storm_pomdp_control.py - Main family based on data from Storm: reduced design space from 65536 to 65536
2024-07-16 13:43:33,014 - storm_pomdp_control.py - Main family based on data from Storm: reduced design space from 16384 to 16384
2024-07-16 13:43:33,014 - storm_pomdp_control.py - Main family based on data from Storm: reduced design space from 16384 to 16384
2024-07-16 13:43:33,014 - storm_pomdp_control.py - Main family based on data from Storm: reduced design space from 16384 to 16384
2024-07-16 13:43:33,014 - storm_pomdp_control.py - Main family based on data from Storm: reduced design space from 4096 to 4096
2024-07-16 13:43:33,014 - storm_pomdp_control.py - Main family based on data from Storm: reduced design space from 4096 to 4096
2024-07-16 13:43:33,347 - storm_pomdp_control.py - Main family based on data from Storm: reduced design space from 4096 to 4096
2024-07-16 13:43:33,347 - storm_pomdp_control.py - Main family based on data from Storm: reduced design space from 1024 to 1024
2024-07-16 13:43:33,347 - storm_pomdp_control.py - Main family based on data from Storm: reduced design space from 1024 to 1024
2024-07-16 13:43:33,347 - storm_pomdp_control.py - Main family based on data from Storm: reduced design space from 1024 to 1024
2024-07-16 13:43:33,347 - storm_pomdp_control.py - Main family based on data from Storm: reduced design space from 64 to 64
2024-07-16 13:43:33,347 - synthesizer_ar_storm.py - State after Storm splitting: Main families - 38, Subfamilies - 0
> progress 0.39%, elapsed 162 s, estimated 41681 s (11 hours), iters = {MDP: 56}, opt = 0.569
> progress 0.39%, elapsed 174 s, estimated 44750 s (12 hours), iters = {MDP: 61}, opt = 0.569
> progress 0.39%, elapsed 180 s, estimated 46214 s (12 hours), iters = {MDP: 62}, opt = 0.569
2024-07-16 13:44:15,978 - synthesizer_ar_storm.py - Pausing synthesis
2024-07-16 13:44:16,056 - storm_pomdp_control.py - Interactive Storm resumed
2024-07-16 13:44:16,056 - storm_pomdp_control.py - Updating FSC values in Storm
2024-07-16 13:44:22,062 - storm_pomdp_control.py - Pausing Storm
Finished exploring under-approximation MDP.
Start analysis...
-----------Storm-----------               
Value = 0.6167333800017228 | Time elapsed = 484.4s | FSC size = 10746


------------------------------------

PAYNT results: 
0.5694957103184766
controller size: 14

Storm results: 
0.6167333800017228
controller size: 10746

------------------------------------

2024-07-16 13:44:59,304 - synthesizer_pomdp.py - Timeout for PAYNT started
2024-07-16 13:45:00,028 - synthesizer_ar_storm.py - Resuming synthesis
2024-07-16 13:45:00,028 - synthesizer_ar_storm.py - Applying family split according to Storm results
2024-07-16 13:45:00,028 - storm_pomdp_control.py - Main family based on data from Storm: reduced design space from 1e10 to 1e10
2024-07-16 13:45:00,028 - storm_pomdp_control.py - Main family based on data from Storm: reduced design space from 1e10 to 1e10
2024-07-16 13:45:00,028 - storm_pomdp_control.py - Main family based on data from Storm: reduced design space from 1e10 to 1e10
2024-07-16 13:45:00,028 - storm_pomdp_control.py - Main family based on data from Storm: reduced design space from 1e9 to 1e9
2024-07-16 13:45:00,028 - storm_pomdp_control.py - Main family based on data from Storm: reduced design space from 1e9 to 1e9
2024-07-16 13:45:00,028 - storm_pomdp_control.py - Main family based on data from Storm: reduced design space from 1e9 to 1e9
2024-07-16 13:45:00,028 - storm_pomdp_control.py - Main family based on data from Storm: reduced design space from 1e9 to 1e9
2024-07-16 13:45:00,028 - storm_pomdp_control.py - Main family based on data from Storm: reduced design space from 1e9 to 1e9
2024-07-16 13:45:00,028 - storm_pomdp_control.py - Main family based on data from Storm: reduced design space from 1e9 to 1e9
2024-07-16 13:45:00,028 - storm_pomdp_control.py - Main family based on data from Storm: reduced design space from 1e8 to 1e8
2024-07-16 13:45:00,029 - storm_pomdp_control.py - Main family based on data from Storm: reduced design space from 1e8 to 1e8
2024-07-16 13:45:00,029 - storm_pomdp_control.py - Main family based on data from Storm: reduced design space from 1e7 to 1e7
2024-07-16 13:45:00,029 - storm_pomdp_control.py - Main family based on data from Storm: reduced design space from 1e7 to 1e7
2024-07-16 13:45:00,029 - storm_pomdp_control.py - Main family based on data from Storm: reduced design space from 1e7 to 1e7
2024-07-16 13:45:00,029 - storm_pomdp_control.py - Main family based on data from Storm: reduced design space from 1e7 to 1e7
2024-07-16 13:45:00,029 - storm_pomdp_control.py - Main family based on data from Storm: reduced design space from 1e7 to 1e7
2024-07-16 13:45:00,029 - storm_pomdp_control.py - Main family based on data from Storm: reduced design space from 1e7 to 1e7
2024-07-16 13:45:00,029 - storm_pomdp_control.py - Main family based on data from Storm: reduced design space from 1e6 to 1e6
2024-07-16 13:45:00,029 - storm_pomdp_control.py - Main family based on data from Storm: reduced design space from 1e6 to 1e6
2024-07-16 13:45:00,029 - storm_pomdp_control.py - Main family based on data from Storm: reduced design space from 1e6 to 1e6
2024-07-16 13:45:00,029 - storm_pomdp_control.py - Main family based on data from Storm: reduced design space from 1e6 to 1e6
2024-07-16 13:45:00,030 - storm_pomdp_control.py - Main family based on data from Storm: reduced design space from 1e6 to 1e6
2024-07-16 13:45:00,030 - storm_pomdp_control.py - Main family based on data from Storm: reduced design space from 262144 to 262144
2024-07-16 13:45:00,030 - storm_pomdp_control.py - Main family based on data from Storm: reduced design space from 262144 to 262144
2024-07-16 13:45:00,030 - storm_pomdp_control.py - Main family based on data from Storm: reduced design space from 262144 to 262144
2024-07-16 13:45:00,030 - storm_pomdp_control.py - Main family based on data from Storm: reduced design space from 65536 to 65536
2024-07-16 13:45:00,030 - storm_pomdp_control.py - Main family based on data from Storm: reduced design space from 65536 to 65536
2024-07-16 13:45:00,030 - storm_pomdp_control.py - Main family based on data from Storm: reduced design space from 65536 to 65536
2024-07-16 13:45:00,030 - storm_pomdp_control.py - Main family based on data from Storm: reduced design space from 16384 to 16384
2024-07-16 13:45:00,030 - storm_pomdp_control.py - Main family based on data from Storm: reduced design space from 16384 to 16384
2024-07-16 13:45:00,030 - storm_pomdp_control.py - Main family based on data from Storm: reduced design space from 16384 to 16384
2024-07-16 13:45:00,030 - storm_pomdp_control.py - Main family based on data from Storm: reduced design space from 4096 to 4096
2024-07-16 13:45:00,030 - storm_pomdp_control.py - Main family based on data from Storm: reduced design space from 4096 to 4096
2024-07-16 13:45:00,031 - storm_pomdp_control.py - Main family based on data from Storm: reduced design space from 4096 to 4096
2024-07-16 13:45:00,031 - storm_pomdp_control.py - Main family based on data from Storm: reduced design space from 1024 to 1024
2024-07-16 13:45:00,031 - storm_pomdp_control.py - Main family based on data from Storm: reduced design space from 1024 to 1024
2024-07-16 13:45:00,031 - storm_pomdp_control.py - Main family based on data from Storm: reduced design space from 256 to 256
2024-07-16 13:45:00,031 - storm_pomdp_control.py - Main family based on data from Storm: reduced design space from 256 to 256
2024-07-16 13:45:00,031 - storm_pomdp_control.py - Main family based on data from Storm: reduced design space from 64 to 64
2024-07-16 13:45:00,031 - storm_pomdp_control.py - Main family based on data from Storm: reduced design space from 64 to 64
2024-07-16 13:45:00,031 - storm_pomdp_control.py - Main family based on data from Storm: reduced design space from 64 to 64
2024-07-16 13:45:00,031 - storm_pomdp_control.py - Main family based on data from Storm: reduced design space from 64 to 64
2024-07-16 13:45:00,031 - synthesizer_ar_storm.py - State after Storm splitting: Main families - 42, Subfamilies - 0
> progress 0.39%, elapsed 198 s, estimated 50777 s (14 hours), iters = {MDP: 67}, opt = 0.569
> progress 0.39%, elapsed 201 s, estimated 51642 s (14 hours), iters = {MDP: 71}, opt = 0.569
> progress 0.39%, elapsed 209 s, estimated 53598 s (14 hours), iters = {MDP: 80}, opt = 0.569
> progress 0.39%, elapsed 220 s, estimated 56439 s (15 hours), iters = {MDP: 81}, opt = 0.569
> progress 0.39%, elapsed 224 s, estimated 57546 s (15 hours), iters = {MDP: 86}, opt = 0.569
2024-07-16 13:45:29,363 - synthesizer_ar_storm.py - Pausing synthesis
2024-07-16 13:45:29,463 - storm_pomdp_control.py - Interactive Storm resumed
2024-07-16 13:45:29,463 - storm_pomdp_control.py - Updating FSC values in Storm
2024-07-16 13:45:35,470 - storm_pomdp_control.py - Pausing Storm
Finished exploring under-approximation MDP.
Start analysis...
-----------Storm-----------               
Value = 0.6167333800017228 | Time elapsed = 558.8s | FSC size = 10746


------------------------------------

PAYNT results: 
0.5694957103184766
controller size: 14

Storm results: 
0.6167333800017228
controller size: 10746

------------------------------------

2024-07-16 13:46:13,845 - synthesizer_pomdp.py - Timeout for PAYNT started
2024-07-16 13:46:14,413 - synthesizer_ar_storm.py - Resuming synthesis
2024-07-16 13:46:14,413 - synthesizer_ar_storm.py - Applying family split according to Storm results
2024-07-16 13:46:14,413 - storm_pomdp_control.py - Main family based on data from Storm: reduced design space from 1e10 to 1e10
2024-07-16 13:46:14,413 - storm_pomdp_control.py - Main family based on data from Storm: reduced design space from 1e10 to 1e10
2024-07-16 13:46:14,413 - storm_pomdp_control.py - Main family based on data from Storm: reduced design space from 1e10 to 1e10
2024-07-16 13:46:14,413 - storm_pomdp_control.py - Main family based on data from Storm: reduced design space from 1e9 to 1e9
2024-07-16 13:46:14,413 - storm_pomdp_control.py - Main family based on data from Storm: reduced design space from 1e9 to 1e9
2024-07-16 13:46:14,413 - storm_pomdp_control.py - Main family based on data from Storm: reduced design space from 1e9 to 1e9
2024-07-16 13:46:14,413 - storm_pomdp_control.py - Main family based on data from Storm: reduced design space from 1e9 to 1e9
2024-07-16 13:46:14,413 - storm_pomdp_control.py - Main family based on data from Storm: reduced design space from 1e9 to 1e9
2024-07-16 13:46:14,413 - storm_pomdp_control.py - Main family based on data from Storm: reduced design space from 1e9 to 1e9
2024-07-16 13:46:14,414 - storm_pomdp_control.py - Main family based on data from Storm: reduced design space from 1e8 to 1e8
2024-07-16 13:46:14,414 - storm_pomdp_control.py - Main family based on data from Storm: reduced design space from 1e8 to 1e8
2024-07-16 13:46:14,414 - storm_pomdp_control.py - Main family based on data from Storm: reduced design space from 1e7 to 1e7
2024-07-16 13:46:14,414 - storm_pomdp_control.py - Main family based on data from Storm: reduced design space from 1e7 to 1e7
2024-07-16 13:46:14,414 - storm_pomdp_control.py - Main family based on data from Storm: reduced design space from 1e7 to 1e7
2024-07-16 13:46:14,414 - storm_pomdp_control.py - Main family based on data from Storm: reduced design space from 1e7 to 1e7
2024-07-16 13:46:14,414 - storm_pomdp_control.py - Main family based on data from Storm: reduced design space from 1e7 to 1e7
2024-07-16 13:46:14,414 - storm_pomdp_control.py - Main family based on data from Storm: reduced design space from 1e7 to 1e7
2024-07-16 13:46:14,414 - storm_pomdp_control.py - Main family based on data from Storm: reduced design space from 1e6 to 1e6
2024-07-16 13:46:14,414 - storm_pomdp_control.py - Main family based on data from Storm: reduced design space from 1e6 to 1e6
2024-07-16 13:46:14,414 - storm_pomdp_control.py - Main family based on data from Storm: reduced design space from 1e6 to 1e6
2024-07-16 13:46:14,414 - storm_pomdp_control.py - Main family based on data from Storm: reduced design space from 1e6 to 1e6
2024-07-16 13:46:14,414 - storm_pomdp_control.py - Main family based on data from Storm: reduced design space from 1e6 to 1e6
2024-07-16 13:46:14,415 - storm_pomdp_control.py - Main family based on data from Storm: reduced design space from 262144 to 262144
2024-07-16 13:46:14,415 - storm_pomdp_control.py - Main family based on data from Storm: reduced design space from 262144 to 262144
2024-07-16 13:46:14,415 - storm_pomdp_control.py - Main family based on data from Storm: reduced design space from 262144 to 262144
2024-07-16 13:46:14,415 - storm_pomdp_control.py - Main family based on data from Storm: reduced design space from 65536 to 65536
2024-07-16 13:46:14,415 - storm_pomdp_control.py - Main family based on data from Storm: reduced design space from 65536 to 65536
2024-07-16 13:46:14,415 - storm_pomdp_control.py - Main family based on data from Storm: reduced design space from 65536 to 65536
2024-07-16 13:46:14,415 - storm_pomdp_control.py - Main family based on data from Storm: reduced design space from 16384 to 16384
2024-07-16 13:46:14,415 - storm_pomdp_control.py - Main family based on data from Storm: reduced design space from 16384 to 16384
2024-07-16 13:46:14,415 - storm_pomdp_control.py - Main family based on data from Storm: reduced design space from 16384 to 16384
2024-07-16 13:46:14,415 - storm_pomdp_control.py - Main family based on data from Storm: reduced design space from 4096 to 4096
2024-07-16 13:46:14,415 - storm_pomdp_control.py - Main family based on data from Storm: reduced design space from 4096 to 4096
2024-07-16 13:46:14,415 - storm_pomdp_control.py - Main family based on data from Storm: reduced design space from 4096 to 4096
2024-07-16 13:46:14,416 - storm_pomdp_control.py - Main family based on data from Storm: reduced design space from 1024 to 1024
2024-07-16 13:46:14,416 - storm_pomdp_control.py - Main family based on data from Storm: reduced design space from 1024 to 1024
2024-07-16 13:46:14,416 - storm_pomdp_control.py - Main family based on data from Storm: reduced design space from 64 to 64
2024-07-16 13:46:14,416 - storm_pomdp_control.py - Main family based on data from Storm: reduced design space from 64 to 64
2024-07-16 13:46:14,416 - storm_pomdp_control.py - Main family based on data from Storm: reduced design space from 16 to 16
2024-07-16 13:46:14,416 - storm_pomdp_control.py - Main family based on data from Storm: reduced design space from 16 to 16
2024-07-16 13:46:14,416 - storm_pomdp_control.py - Main family based on data from Storm: reduced design space from 16 to 16
2024-07-16 13:46:14,416 - storm_pomdp_control.py - Main family based on data from Storm: reduced design space from 4 to 4
2024-07-16 13:46:14,416 - synthesizer_ar_storm.py - State after Storm splitting: Main families - 42, Subfamilies - 0
> progress 0.39%, elapsed 228 s, estimated 58369 s (16 hours), iters = {MDP: 91}, opt = 0.569
> progress 0.39%, elapsed 231 s, estimated 59186 s (16 hours), iters = {MDP: 96}, opt = 0.569
> progress 0.39%, elapsed 234 s, estimated 60000 s (16 hours), iters = {MDP: 101}, opt = 0.569
> progress 0.39%, elapsed 237 s, estimated 60816 s (16 hours), iters = {MDP: 106}, opt = 0.569
> progress 0.39%, elapsed 249 s, estimated 63780 s (17 hours), iters = {MDP: 107}, opt = 0.569
> progress 0.39%, elapsed 252 s, estimated 64595 s (17 hours), iters = {MDP: 110}, opt = 0.569
2024-07-16 13:46:45,273 - synthesizer_ar_storm.py - Pausing synthesis
2024-07-16 13:46:45,373 - storm_pomdp_control.py - Interactive Storm resumed
2024-07-16 13:46:45,374 - storm_pomdp_control.py - Updating FSC values in Storm
2024-07-16 13:46:51,383 - storm_pomdp_control.py - Pausing Storm
Finished exploring under-approximation MDP.
Start analysis...
-----------Storm-----------               
Value = 0.6167333800017228 | Time elapsed = 634.7s | FSC size = 10746


------------------------------------

PAYNT results: 
0.5694957103184766
controller size: 14

Storm results: 
0.6167333800017228
controller size: 10746

------------------------------------

2024-07-16 13:47:30,323 - synthesizer_ar_storm.py - Terminating controller synthesis
2024-07-16 13:47:30,324 - synthesizer.py - synthesis finished, printing synthesized assignment below:
2024-07-16 13:47:30,324 - synthesizer.py - None
--------------------
Synthesis summary:
optimality objective: Pmax=? [F "goal"] 

method: AR, synthesis time: 258.41 s
number of holes: 18, family size: 1e10, quotient: 166762 states / 2597857 actions
explored: 0 %
MDP stats: avg MDP size: 99996, iterations: 110

optimum: 0.569496
--------------------
2024-07-16 13:47:30,333 - storm_pomdp_control.py - Storm POMDP analysis completed

------------------------------------

PAYNT results: 
0.5694957103184766
controller size: 14

Storm results: 
0.6167333800017228
controller size: 10746

------------------------------------

